2022-03-19 12:52:01.000  - [31merror[39m: openknx.0 (6392) adapter disabled
2022-03-19 12:52:01.061  - [32minfo[39m: openknx.0 (6392) starting. Version 0.1.23 in C:/iobroker/node_modules/iobroker.openknx, node: v12.16.3, js-controller: 4.0.19
2022-03-19 12:52:01.074  - [32minfo[39m: openknx.0 (6392) Connecting to knx gateway:  192.168.0.11:3671   with phy. Adr: 1.1.123 minimum send delay: 100 ms debug level: debug
2022-03-19 12:52:01.075  - [32minfo[39m: openknx.0 (6392) C:\iobroker\node_modules\iobroker.openknx\node_modules\iobroker.js-controller
2022-03-19 12:52:04.133  - [33mwarn[39m: openknx.0 (6392) [warn] 2022-03-19 11:52:04.132 connection timed out, retrying...
2022-03-19 12:52:07.142  - [33mwarn[39m: openknx.0 (6392) [warn] 2022-03-19 11:52:07.141 connection timed out, retrying...
2022-03-19 12:52:13.166  - [33mwarn[39m: openknx.0 (6392) Connection lost
2022-03-19 12:52:16.184  - [33mwarn[39m: openknx.0 (6392) [warn] 2022-03-19 11:52:16.183 connection timed out, retrying...
2022-03-19 12:52:19.185  - [33mwarn[39m: openknx.0 (6392) [warn] 2022-03-19 11:52:19.184 connection timed out, retrying...
2022-03-19 12:52:28.211  - [33mwarn[39m: openknx.0 (6392) Connection lost
2022-03-19 12:52:31.226  - [33mwarn[39m: openknx.0 (6392) [warn] 2022-03-19 11:52:31.226 connection timed out, retrying...
2022-03-19 12:52:34.234  - [33mwarn[39m: openknx.0 (6392) [warn] 2022-03-19 11:52:34.234 connection timed out, retrying...
2022-03-19 12:52:46.257  - [33mwarn[39m: openknx.0 (6392) Connection lost
2022-03-19 12:52:49.271  - [33mwarn[39m: openknx.0 (6392) [warn] 2022-03-19 11:52:49.270 connection timed out, retrying...
2022-03-19 12:52:52.271  - [33mwarn[39m: openknx.0 (6392) [warn] 2022-03-19 11:52:52.270 connection timed out, retrying...
2022-03-19 12:53:07.316  - [33mwarn[39m: openknx.0 (6392) Connection lost
2022-03-19 12:53:10.339  - [33mwarn[39m: openknx.0 (6392) [warn] 2022-03-19 11:53:10.338 connection timed out, retrying...
2022-03-19 12:53:13.347  - [33mwarn[39m: openknx.0 (6392) [warn] 2022-03-19 11:53:13.347 connection timed out, retrying...
2022-03-19 12:53:31.357  - [33mwarn[39m: openknx.0 (6392) Connection lost
2022-03-19 12:53:34.379  - [33mwarn[39m: openknx.0 (6392) [warn] 2022-03-19 11:53:34.378 connection timed out, retrying...
2022-03-19 12:53:37.386  - [33mwarn[39m: openknx.0 (6392) [warn] 2022-03-19 11:53:37.386 connection timed out, retrying...
2022-03-19 12:53:58.412  - [33mwarn[39m: openknx.0 (6392) Connection lost
2022-03-19 12:54:01.429  - [33mwarn[39m: openknx.0 (6392) [warn] 2022-03-19 11:54:01.429 connection timed out, retrying...
2022-03-19 12:54:04.437  - [33mwarn[39m: openknx.0 (6392) [warn] 2022-03-19 11:54:04.437 connection timed out, retrying...
2022-03-19 12:54:28.454  - [33mwarn[39m: openknx.0 (6392) Connection lost
2022-03-19 12:54:31.461  - [33mwarn[39m: openknx.0 (6392) [warn] 2022-03-19 11:54:31.460 connection timed out, retrying...
2022-03-19 12:54:34.466  - [33mwarn[39m: openknx.0 (6392) [warn] 2022-03-19 11:54:34.465 connection timed out, retrying...
2022-03-19 12:55:01.506  - [33mwarn[39m: openknx.0 (6392) Connection lost
2022-03-19 12:55:04.569  - [33mwarn[39m: openknx.0 (6392) [warn] 2022-03-19 11:55:04.568 connection timed out, retrying...
2022-03-19 12:55:07.583  - [33mwarn[39m: openknx.0 (6392) [warn] 2022-03-19 11:55:07.583 connection timed out, retrying...
2022-03-19 12:55:37.610  - [33mwarn[39m: openknx.0 (6392) Connection lost
2022-03-19 12:55:40.629  - [33mwarn[39m: openknx.0 (6392) [warn] 2022-03-19 11:55:40.628 connection timed out, retrying...
2022-03-19 12:55:43.632  - [33mwarn[39m: openknx.0 (6392) [warn] 2022-03-19 11:55:43.632 connection timed out, retrying...
2022-03-19 12:56:16.644  - [33mwarn[39m: openknx.0 (6392) Connection lost
2022-03-19 12:56:19.657  - [33mwarn[39m: openknx.0 (6392) [warn] 2022-03-19 11:56:19.656 connection timed out, retrying...
2022-03-19 12:56:22.663  - [33mwarn[39m: openknx.0 (6392) [warn] 2022-03-19 11:56:22.663 connection timed out, retrying...
2022-03-19 12:56:58.676  - [33mwarn[39m: openknx.0 (6392) Connection lost
2022-03-19 12:57:01.062  - [34mdebug[39m: openknx.0 (6392) Outbound GroupValue_Write to 31/1/1 val: true from openknx.0.test.testout.dpt1
2022-03-19 12:57:01.684  - [33mwarn[39m: openknx.0 (6392) [warn] 2022-03-19 11:57:01.684 connection timed out, retrying...
2022-03-19 12:57:04.693  - [33mwarn[39m: openknx.0 (6392) [warn] 2022-03-19 11:57:04.692 connection timed out, retrying...
2022-03-19 12:57:09.575  - [34mdebug[39m: openknx.0 (6392) Outbound GroupValue_Write to 31/1/1 val: false from openknx.0.test.testout.dpt1
2022-03-19 12:57:22.599  - [34mdebug[39m: openknx.0 (6392) Outbound GroupValue_Write to 31/1/4 val: true from openknx.0.test.testout.dpt1_001
2022-03-19 12:57:40.077  - [34mdebug[39m: openknx.0 (6392) Outbound GroupValue_Write to 31/1/58 val: false from openknx.0.test.testout.dpt1_status
2022-03-19 12:57:43.707  - [33mwarn[39m: openknx.0 (6392) Connection lost
2022-03-19 12:57:46.729  - [33mwarn[39m: openknx.0 (6392) [warn] 2022-03-19 11:57:46.728 connection timed out, retrying...
2022-03-19 12:57:49.736  - [33mwarn[39m: openknx.0 (6392) [warn] 2022-03-19 11:57:49.736 connection timed out, retrying...
2022-03-19 12:58:31.755  - [33mwarn[39m: openknx.0 (6392) Connection lost
2022-03-19 12:58:34.763  - [33mwarn[39m: openknx.0 (6392) [warn] 2022-03-19 11:58:34.763 connection timed out, retrying...
2022-03-19 12:58:37.766  - [33mwarn[39m: openknx.0 (6392) [warn] 2022-03-19 11:58:37.765 connection timed out, retrying...
2022-03-19 12:59:22.779  - [33mwarn[39m: openknx.0 (6392) Connection lost
2022-03-19 12:59:25.789  - [33mwarn[39m: openknx.0 (6392) [warn] 2022-03-19 11:59:25.789 connection timed out, retrying...
2022-03-19 12:59:28.794  - [33mwarn[39m: openknx.0 (6392) [warn] 2022-03-19 11:59:28.794 connection timed out, retrying...
2022-03-19 13:00:16.798  - [33mwarn[39m: openknx.0 (6392) Connection lost
2022-03-19 13:00:19.816  - [33mwarn[39m: openknx.0 (6392) [warn] 2022-03-19 12:00:19.816 connection timed out, retrying...
2022-03-19 13:00:22.822  - [33mwarn[39m: openknx.0 (6392) [warn] 2022-03-19 12:00:22.821 connection timed out, retrying...
2022-03-19 13:01:13.841  - [33mwarn[39m: openknx.0 (6392) Connection lost
2022-03-19 13:01:16.848  - [33mwarn[39m: openknx.0 (6392) [warn] 2022-03-19 12:01:16.847 connection timed out, retrying...
2022-03-19 13:01:19.852  - [33mwarn[39m: openknx.0 (6392) [warn] 2022-03-19 12:01:19.850 connection timed out, retrying...
2022-03-19 13:02:13.865  - [33mwarn[39m: openknx.0 (6392) Connection lost
2022-03-19 13:02:16.877  - [33mwarn[39m: openknx.0 (6392) [warn] 2022-03-19 12:02:16.877 connection timed out, retrying...
2022-03-19 13:02:19.885  - [33mwarn[39m: openknx.0 (6392) [warn] 2022-03-19 12:02:19.885 connection timed out, retrying...
2022-03-19 13:03:16.911  - [33mwarn[39m: openknx.0 (6392) Connection lost
2022-03-19 13:03:19.928  - [33mwarn[39m: openknx.0 (6392) [warn] 2022-03-19 12:03:19.927 connection timed out, retrying...
2022-03-19 13:03:22.930  - [33mwarn[39m: openknx.0 (6392) [warn] 2022-03-19 12:03:22.929 connection timed out, retrying...
2022-03-19 13:04:22.941  - [33mwarn[39m: openknx.0 (6392) Connection lost
2022-03-19 13:04:25.960  - [33mwarn[39m: openknx.0 (6392) [warn] 2022-03-19 12:04:25.960 connection timed out, retrying...
2022-03-19 13:04:28.964  - [33mwarn[39m: openknx.0 (6392) [warn] 2022-03-19 12:04:28.964 connection timed out, retrying...
2022-03-19 13:05:31.967  - [33mwarn[39m: openknx.0 (6392) Connection lost
2022-03-19 13:05:34.976  - [33mwarn[39m: openknx.0 (6392) [warn] 2022-03-19 12:05:34.976 connection timed out, retrying...
2022-03-19 13:05:37.988  - [33mwarn[39m: openknx.0 (6392) [warn] 2022-03-19 12:05:37.988 connection timed out, retrying...
2022-03-19 13:06:44.004  - [33mwarn[39m: openknx.0 (6392) Connection lost
2022-03-19 13:06:47.017  - [33mwarn[39m: openknx.0 (6392) [warn] 2022-03-19 12:06:47.016 connection timed out, retrying...
2022-03-19 13:06:50.022  - [33mwarn[39m: openknx.0 (6392) [warn] 2022-03-19 12:06:50.021 connection timed out, retrying...
2022-03-19 13:07:59.040  - [33mwarn[39m: openknx.0 (6392) Connection lost
2022-03-19 13:08:02.061  - [33mwarn[39m: openknx.0 (6392) [warn] 2022-03-19 12:08:02.061 connection timed out, retrying...
2022-03-19 13:08:05.068  - [33mwarn[39m: openknx.0 (6392) [warn] 2022-03-19 12:08:05.067 connection timed out, retrying...
2022-03-19 13:09:17.092  - [33mwarn[39m: openknx.0 (6392) Connection lost
2022-03-19 13:09:20.100  - [33mwarn[39m: openknx.0 (6392) [warn] 2022-03-19 12:09:20.099 connection timed out, retrying...
2022-03-19 13:09:23.110  - [33mwarn[39m: openknx.0 (6392) [warn] 2022-03-19 12:09:23.109 connection timed out, retrying...
2022-03-19 13:10:38.135  - [33mwarn[39m: openknx.0 (6392) Connection lost
2022-03-19 13:10:41.151  - [33mwarn[39m: openknx.0 (6392) [warn] 2022-03-19 12:10:41.151 connection timed out, retrying...
2022-03-19 13:10:44.165  - [33mwarn[39m: openknx.0 (6392) [warn] 2022-03-19 12:10:44.164 connection timed out, retrying...
2022-03-19 13:12:02.204  - [33mwarn[39m: openknx.0 (6392) Connection lost
2022-03-19 13:12:05.239  - [33mwarn[39m: openknx.0 (6392) [warn] 2022-03-19 12:12:05.238 connection timed out, retrying...
2022-03-19 13:12:08.250  - [33mwarn[39m: openknx.0 (6392) [warn] 2022-03-19 12:12:08.250 connection timed out, retrying...
2022-03-19 13:13:29.261  - [33mwarn[39m: openknx.0 (6392) Connection lost
2022-03-19 13:13:32.282  - [33mwarn[39m: openknx.0 (6392) [warn] 2022-03-19 12:13:32.281 connection timed out, retrying...
2022-03-19 13:13:35.281  - [33mwarn[39m: openknx.0 (6392) [warn] 2022-03-19 12:13:35.281 connection timed out, retrying...
2022-03-19 13:14:59.302  - [33mwarn[39m: openknx.0 (6392) Connection lost
2022-03-19 13:15:02.311  - [33mwarn[39m: openknx.0 (6392) [warn] 2022-03-19 12:15:02.310 connection timed out, retrying...
2022-03-19 13:15:05.310  - [33mwarn[39m: openknx.0 (6392) [warn] 2022-03-19 12:15:05.310 connection timed out, retrying...
2022-03-19 13:16:32.326  - [33mwarn[39m: openknx.0 (6392) Connection lost
2022-03-19 13:16:35.334  - [33mwarn[39m: openknx.0 (6392) [warn] 2022-03-19 12:16:35.334 connection timed out, retrying...
2022-03-19 13:16:38.334  - [33mwarn[39m: openknx.0 (6392) [warn] 2022-03-19 12:16:38.334 connection timed out, retrying...
2022-03-19 13:18:08.349  - [33mwarn[39m: openknx.0 (6392) Connection lost
2022-03-19 13:18:11.369  - [33mwarn[39m: openknx.0 (6392) [warn] 2022-03-19 12:18:11.369 connection timed out, retrying...
2022-03-19 13:18:14.374  - [33mwarn[39m: openknx.0 (6392) [warn] 2022-03-19 12:18:14.374 connection timed out, retrying...
2022-03-19 13:19:47.398  - [33mwarn[39m: openknx.0 (6392) Connection lost
2022-03-19 13:19:50.416  - [33mwarn[39m: openknx.0 (6392) [warn] 2022-03-19 12:19:50.416 connection timed out, retrying...
2022-03-19 13:19:53.432  - [33mwarn[39m: openknx.0 (6392) [warn] 2022-03-19 12:19:53.431 connection timed out, retrying...
2022-03-19 13:21:29.455  - [33mwarn[39m: openknx.0 (6392) Connection lost
2022-03-19 13:21:32.472  - [33mwarn[39m: openknx.0 (6392) [warn] 2022-03-19 12:21:32.472 connection timed out, retrying...
2022-03-19 13:21:35.481  - [33mwarn[39m: openknx.0 (6392) [warn] 2022-03-19 12:21:35.480 connection timed out, retrying...
2022-03-19 13:23:14.485  - [33mwarn[39m: openknx.0 (6392) Connection lost
2022-03-19 13:23:17.499  - [33mwarn[39m: openknx.0 (6392) [warn] 2022-03-19 12:23:17.499 connection timed out, retrying...
2022-03-19 13:23:20.503  - [33mwarn[39m: openknx.0 (6392) [warn] 2022-03-19 12:23:20.503 connection timed out, retrying...
2022-03-19 13:25:02.513  - [33mwarn[39m: openknx.0 (6392) Connection lost
2022-03-19 13:25:05.533  - [33mwarn[39m: openknx.0 (6392) [warn] 2022-03-19 12:25:05.532 connection timed out, retrying...
2022-03-19 13:25:08.534  - [33mwarn[39m: openknx.0 (6392) [warn] 2022-03-19 12:25:08.534 connection timed out, retrying...
2022-03-19 13:26:53.544  - [33mwarn[39m: openknx.0 (6392) Connection lost
2022-03-19 13:26:56.556  - [33mwarn[39m: openknx.0 (6392) [warn] 2022-03-19 12:26:56.556 connection timed out, retrying...
2022-03-19 13:26:59.559  - [33mwarn[39m: openknx.0 (6392) [warn] 2022-03-19 12:26:59.559 connection timed out, retrying...
2022-03-19 13:28:47.588  - [33mwarn[39m: openknx.0 (6392) Connection lost
2022-03-19 13:28:50.597  - [33mwarn[39m: openknx.0 (6392) [warn] 2022-03-19 12:28:50.597 connection timed out, retrying...
2022-03-19 13:28:53.605  - [33mwarn[39m: openknx.0 (6392) [warn] 2022-03-19 12:28:53.605 connection timed out, retrying...
2022-03-19 13:30:44.622  - [33mwarn[39m: openknx.0 (6392) Connection lost
2022-03-19 13:30:47.640  - [33mwarn[39m: openknx.0 (6392) [warn] 2022-03-19 12:30:47.639 connection timed out, retrying...
2022-03-19 13:30:50.641  - [33mwarn[39m: openknx.0 (6392) [warn] 2022-03-19 12:30:50.641 connection timed out, retrying...
2022-03-19 13:32:44.664  - [33mwarn[39m: openknx.0 (6392) Connection lost
2022-03-19 13:32:47.692  - [33mwarn[39m: openknx.0 (6392) [warn] 2022-03-19 12:32:47.692 connection timed out, retrying...
2022-03-19 13:32:50.698  - [33mwarn[39m: openknx.0 (6392) [warn] 2022-03-19 12:32:50.698 connection timed out, retrying...
2022-03-19 13:34:47.707  - [33mwarn[39m: openknx.0 (6392) Connection lost
2022-03-19 13:34:50.723  - [33mwarn[39m: openknx.0 (6392) [warn] 2022-03-19 12:34:50.722 connection timed out, retrying...
2022-03-19 13:34:53.728  - [33mwarn[39m: openknx.0 (6392) [warn] 2022-03-19 12:34:53.728 connection timed out, retrying...
2022-03-19 13:35:41.907  - [34mdebug[39m: openknx.0 (6392) Plugin sentry destroyed
2022-03-19 13:35:41.911  - [32minfo[39m: openknx.0 (6392) Terminated (START_IMMEDIATELY_AFTER_STOP): Without reason
2022-03-19 13:36:34.924  - [31merror[39m: openknx.0 (14700) adapter disabled
2022-03-19 13:36:35.124  - [32minfo[39m: openknx.0 (14700) starting. Version 0.1.23 in C:/iobroker/node_modules/iobroker.openknx, node: v12.16.3, js-controller: 4.0.19
2022-03-19 13:36:35.167  - [32minfo[39m: openknx.0 (14700) Connecting to knx gateway:  192.168.0.11:3671   with phy. Adr: 1.1.123 minimum send delay: 100 ms debug level: debug
2022-03-19 13:36:35.171  - [32minfo[39m: openknx.0 (14700) C:\iobroker\node_modules\iobroker.openknx\node_modules\iobroker.js-controller
2022-03-19 13:36:38.361  - [33mwarn[39m: openknx.0 (14700) [warn] 2022-03-19 12:36:38.360 connection timed out, retrying...
2022-03-19 13:36:41.363  - [33mwarn[39m: openknx.0 (14700) [warn] 2022-03-19 12:36:41.362 connection timed out, retrying...
2022-03-19 13:36:47.386  - [33mwarn[39m: openknx.0 (14700) Connection lost
2022-03-19 13:36:50.400  - [33mwarn[39m: openknx.0 (14700) [warn] 2022-03-19 12:36:50.399 connection timed out, retrying...
2022-03-19 13:36:53.409  - [33mwarn[39m: openknx.0 (14700) [warn] 2022-03-19 12:36:53.408 connection timed out, retrying...
2022-03-19 13:36:58.437  - [32minfo[39m: openknx.0 (14700) Detect Interface...
2022-03-19 13:37:00.661  - [32minfo[39m: openknx.0 (14700) Restarting...
2022-03-19 13:37:00.665  - [33mwarn[39m: openknx.0 (14700) Restart initiated
2022-03-19 13:37:00.752  - [32minfo[39m: openknx.0 (14700) terminating
2022-03-19 13:37:00.760  - [34mdebug[39m: openknx.0 (14700) Plugin sentry destroyed
2022-03-19 13:37:00.765  - [32minfo[39m: openknx.0 (14700) Terminated (NO_ERROR): Without reason
2022-03-19 13:48:06.110  - [31merror[39m: openknx.0 (14704) adapter disabled
2022-03-19 13:48:06.311  - [32minfo[39m: openknx.0 (14704) starting. Version 0.1.23 in C:/iobroker/node_modules/iobroker.openknx, node: v12.16.3, js-controller: 4.0.19
2022-03-19 13:48:06.342  - [32minfo[39m: openknx.0 (14704) Connecting to knx gateway:  192.168.0.10:3671   with phy. Adr: 1.1.250 minimum send delay: 100 ms debug level: debug
2022-03-19 13:48:06.345  - [32minfo[39m: openknx.0 (14704) C:\iobroker\node_modules\iobroker.openknx\node_modules\iobroker.js-controller
2022-03-19 13:48:06.675  - [34mdebug[39m: openknx.0 (14704) Datapoint autoread created and GroupValueWrite sent: 31/0/61 openknx.0.test.testin_status.ohne
2022-03-19 13:48:06.683  - [34mdebug[39m: openknx.0 (14704) Datapoint autoread created and GroupValueWrite sent: 31/0/60 openknx.0.test.testin_status.dpt_5
2022-03-19 13:48:06.691  - [34mdebug[39m: openknx.0 (14704) Datapoint autoread created and GroupValueWrite sent: 31/0/59 openknx.0.test.testin_status.dpt1_status
2022-03-19 13:48:06.707  - [34mdebug[39m: openknx.0 (14704) Datapoint autoread created and GroupValueWrite sent: 31/0/58 openknx.0.test.testin_status.dpt_275_100
2022-03-19 13:48:06.720  - [34mdebug[39m: openknx.0 (14704) Datapoint autoread created and GroupValueWrite sent: 31/0/57 openknx.0.test.testin_status.dpt_275
2022-03-19 13:48:06.734  - [34mdebug[39m: openknx.0 (14704) Datapoint autoread created and GroupValueWrite sent: 31/0/56 openknx.0.test.testin_status.dpt_255
2022-03-19 13:48:06.740  - [34mdebug[39m: openknx.0 (14704) Datapoint autoread created and GroupValueWrite sent: 31/0/55 openknx.0.test.testin_status.dpt_252
2022-03-19 13:48:06.751  - [34mdebug[39m: openknx.0 (14704) Datapoint autoread created and GroupValueWrite sent: 31/0/54 openknx.0.test.testin_status.dpt_251
2022-03-19 13:48:06.766  - [34mdebug[39m: openknx.0 (14704) Datapoint autoread created and GroupValueWrite sent: 31/0/53 openknx.0.test.testin_status.dpt_250
2022-03-19 13:48:06.792  - [34mdebug[39m: openknx.0 (14704) Datapoint autoread created and GroupValueWrite sent: 31/0/52 openknx.0.test.testin_status.dpt_249
2022-03-19 13:48:06.801  - [34mdebug[39m: openknx.0 (14704) Datapoint autoread created and GroupValueWrite sent: 31/0/51 openknx.0.test.testin_status.dpt_246
2022-03-19 13:48:06.805  - [34mdebug[39m: openknx.0 (14704) Datapoint autoread created and GroupValueWrite sent: 31/0/50 openknx.0.test.testin_status.dpt_245
2022-03-19 13:48:06.808  - [34mdebug[39m: openknx.0 (14704) Datapoint autoread created and GroupValueWrite sent: 31/0/49 openknx.0.test.testin_status.dpt_244
2022-03-19 13:48:06.814  - [34mdebug[39m: openknx.0 (14704) Datapoint autoread created and GroupValueWrite sent: 31/0/48 openknx.0.test.testin_status.dpt_242
2022-03-19 13:48:06.818  - [34mdebug[39m: openknx.0 (14704) Datapoint autoread created and GroupValueWrite sent: 31/0/47 openknx.0.test.testin_status.dpt_240
2022-03-19 13:48:06.821  - [34mdebug[39m: openknx.0 (14704) Datapoint  created and GroupValueWrite sent: 31/0/46 openknx.0.test.testin_status.dpt_238
2022-03-19 13:48:06.826  - [34mdebug[39m: openknx.0 (14704) Datapoint autoread created and GroupValueWrite sent: 31/0/45 openknx.0.test.testin_status.dpt_237
2022-03-19 13:48:06.839  - [34mdebug[39m: openknx.0 (14704) Datapoint autoread created and GroupValueWrite sent: 31/0/44 openknx.0.test.testin_status.dpt_236
2022-03-19 13:48:06.849  - [34mdebug[39m: openknx.0 (14704) Datapoint autoread created and GroupValueWrite sent: 31/0/43 openknx.0.test.testin_status.dpt_235
2022-03-19 13:48:06.853  - [34mdebug[39m: openknx.0 (14704) Datapoint autoread created and GroupValueWrite sent: 31/0/42 openknx.0.test.testin_status.dpt_234
2022-03-19 13:48:06.858  - [34mdebug[39m: openknx.0 (14704) Datapoint autoread created and GroupValueWrite sent: 31/0/41 openknx.0.test.testin_status.dpt_232
2022-03-19 13:48:06.867  - [34mdebug[39m: openknx.0 (14704) Datapoint autoread created and GroupValueWrite sent: 31/0/40 openknx.0.test.testin_status.dpt_230
2022-03-19 13:48:06.876  - [34mdebug[39m: openknx.0 (14704) Datapoint autoread created and GroupValueWrite sent: 31/0/39 openknx.0.test.testin_status.dpt_229
2022-03-19 13:48:06.886  - [34mdebug[39m: openknx.0 (14704) Datapoint autoread created and GroupValueWrite sent: 31/0/38 openknx.0.test.testin_status.dpt_225
2022-03-19 13:48:06.893  - [34mdebug[39m: openknx.0 (14704) Datapoint autoread created and GroupValueWrite sent: 31/0/37 openknx.0.test.testin_status.dpt_222
2022-03-19 13:48:06.904  - [34mdebug[39m: openknx.0 (14704) Datapoint autoread created and GroupValueWrite sent: 31/0/36 openknx.0.test.testin_status.dpt_219
2022-03-19 13:48:06.910  - [34mdebug[39m: openknx.0 (14704) Datapoint autoread created and GroupValueWrite sent: 31/0/35 openknx.0.test.testin_status.dpt_217
2022-03-19 13:48:06.922  - [34mdebug[39m: openknx.0 (14704) Datapoint autoread created and GroupValueWrite sent: 31/0/34 openknx.0.test.testin_status.dpt_206
2022-03-19 13:48:06.931  - [34mdebug[39m: openknx.0 (14704) Datapoint autoread created and GroupValueWrite sent: 31/0/33 openknx.0.test.testin_status.dpt_30
2022-03-19 13:48:06.939  - [34mdebug[39m: openknx.0 (14704) Datapoint autoread created and GroupValueWrite sent: 31/0/32 openknx.0.test.testin_status.dpt_27
2022-03-19 13:48:06.943  - [34mdebug[39m: openknx.0 (14704) Datapoint  created and GroupValueWrite sent: 31/0/31 openknx.0.test.testin_status.dpt_26
2022-03-19 13:48:06.955  - [34mdebug[39m: openknx.0 (14704) Datapoint autoread created and GroupValueWrite sent: 31/0/30 openknx.0.test.testin_status.dpt_25
2022-03-19 13:48:06.959  - [34mdebug[39m: openknx.0 (14704) Datapoint autoread created and GroupValueWrite sent: 31/0/29 openknx.0.test.testin_status.dpt_29_010
2022-03-19 13:48:06.970  - [34mdebug[39m: openknx.0 (14704) Datapoint autoread created and GroupValueWrite sent: 31/0/28 openknx.0.test.testin_status.dpt_23
2022-03-19 13:48:06.976  - [34mdebug[39m: openknx.0 (14704) Datapoint autoread created and GroupValueWrite sent: 31/0/27 openknx.0.test.testin_status.dpt_29
2022-03-19 13:48:06.983  - [34mdebug[39m: openknx.0 (14704) Datapoint autoread created and GroupValueWrite sent: 31/0/25 openknx.0.test.testin_status.dpt_22
2022-03-19 13:48:06.987  - [34mdebug[39m: openknx.0 (14704) Datapoint autoread created and GroupValueWrite sent: 31/0/24 openknx.0.test.testin_status.dpt_21
2022-03-19 13:48:06.991  - [34mdebug[39m: openknx.0 (14704) Datapoint autoread created and GroupValueWrite sent: 31/0/23 openknx.0.test.testin_status.dpt_20
2022-03-19 13:48:06.996  - [34mdebug[39m: openknx.0 (14704) Datapoint autoread created and GroupValueWrite sent: 31/0/22 openknx.0.test.testin_status.dpt_19
2022-03-19 13:48:07.000  - [34mdebug[39m: openknx.0 (14704) Datapoint  created and GroupValueWrite sent: 31/0/21 openknx.0.test.testin_status.dpt_18
2022-03-19 13:48:07.003  - [34mdebug[39m: openknx.0 (14704) Datapoint  created and GroupValueWrite sent: 31/0/20 openknx.0.test.testin_status.dpt_17
2022-03-19 13:48:07.007  - [34mdebug[39m: openknx.0 (14704) Datapoint autoread created and GroupValueWrite sent: 31/0/19 openknx.0.test.testin_status.dpt_16
2022-03-19 13:48:07.009  - [34mdebug[39m: openknx.0 (14704) Datapoint autoread created and GroupValueWrite sent: 31/0/18 openknx.0.test.testin_status.dpt_15
2022-03-19 13:48:07.018  - [34mdebug[39m: openknx.0 (14704) Datapoint autoread created and GroupValueWrite sent: 31/0/17 openknx.0.test.testin_status.dpt_14
2022-03-19 13:48:07.022  - [34mdebug[39m: openknx.0 (14704) Datapoint autoread created and GroupValueWrite sent: 31/0/16 openknx.0.test.testin_status.dpt_13
2022-03-19 13:48:07.026  - [34mdebug[39m: openknx.0 (14704) Datapoint autoread created and GroupValueWrite sent: 31/0/15 openknx.0.test.testin_status.dpt_12
2022-03-19 13:48:07.032  - [34mdebug[39m: openknx.0 (14704) Datapoint autoread created and GroupValueWrite sent: 31/0/14 openknx.0.test.testin_status.dpt_11_001
2022-03-19 13:48:07.036  - [34mdebug[39m: openknx.0 (14704) Datapoint autoread created and GroupValueWrite sent: 31/0/13 openknx.0.test.testin_status.dpt_10
2022-03-19 13:48:07.040  - [34mdebug[39m: openknx.0 (14704) Datapoint autoread created and GroupValueWrite sent: 31/0/12 openknx.0.test.testin_status.dpt_9
2022-03-19 13:48:07.049  - [34mdebug[39m: openknx.0 (14704) Datapoint autoread created and GroupValueWrite sent: 31/0/11 openknx.0.test.testin_status.dpt_8
2022-03-19 13:48:07.054  - [34mdebug[39m: openknx.0 (14704) Datapoint autoread created and GroupValueWrite sent: 31/0/10 openknx.0.test.testin_status.dpt_7
2022-03-19 13:48:07.058  - [34mdebug[39m: openknx.0 (14704) Datapoint autoread created and GroupValueWrite sent: 31/0/9 openknx.0.test.testin_status.dpt_6
2022-03-19 13:48:07.064  - [34mdebug[39m: openknx.0 (14704) Datapoint autoread created and GroupValueWrite sent: 31/0/8 openknx.0.test.testin_status.dpt_5_001
2022-03-19 13:48:07.068  - [34mdebug[39m: openknx.0 (14704) Datapoint autoread created and GroupValueWrite sent: 31/0/7 openknx.0.test.testin_status.dpt_4_001
2022-03-19 13:48:07.073  - [34mdebug[39m: openknx.0 (14704) Datapoint autoread created and GroupValueWrite sent: 31/0/6 openknx.0.test.testin_status.dpt3_007
2022-03-19 13:48:07.081  - [34mdebug[39m: openknx.0 (14704) Datapoint autoread created and GroupValueWrite sent: 31/0/5 openknx.0.test.testin_status.dpt_2_1
2022-03-19 13:48:07.086  - [34mdebug[39m: openknx.0 (14704) Datapoint autoread created and GroupValueWrite sent: 31/0/4 openknx.0.test.testin_status.dpt1_001
2022-03-19 13:48:07.091  - [34mdebug[39m: openknx.0 (14704) Datapoint autoread created and GroupValueWrite sent: 31/0/3 openknx.0.test.testin_status.dpt_3
2022-03-19 13:48:07.099  - [34mdebug[39m: openknx.0 (14704) Datapoint autoread created and GroupValueWrite sent: 31/0/2 openknx.0.test.testin_status.dpt_2
2022-03-19 13:48:07.104  - [34mdebug[39m: openknx.0 (14704) Datapoint autoread created and GroupValueWrite sent: 31/0/1 openknx.0.test.testin_status.dpt1
2022-03-19 13:48:07.109  - [34mdebug[39m: openknx.0 (14704) Datapoint autoread created and GroupValueWrite sent: 31/0/0 openknx.0.test.testin_status.dpt1_024
2022-03-19 13:48:07.116  - [34mdebug[39m: openknx.0 (14704) Datapoint autoread created and GroupValueWrite sent: 31/1/60 openknx.0.test.testout.ohne
2022-03-19 13:48:07.121  - [34mdebug[39m: openknx.0 (14704) Datapoint autoread created and GroupValueWrite sent: 31/1/58 openknx.0.test.testout.dpt1_status
2022-03-19 13:48:07.130  - [34mdebug[39m: openknx.0 (14704) Datapoint autoread created and GroupValueWrite sent: 31/1/14 openknx.0.test.testout.dpt_11_001
2022-03-19 13:48:07.135  - [34mdebug[39m: openknx.0 (14704) Datapoint autoread created and GroupValueWrite sent: 31/1/8 openknx.0.test.testout.dpt_5_001
2022-03-19 13:48:07.139  - [34mdebug[39m: openknx.0 (14704) Datapoint autoread created and GroupValueWrite sent: 31/1/57 openknx.0.test.testout.dpt_275_100
2022-03-19 13:48:07.146  - [34mdebug[39m: openknx.0 (14704) Datapoint autoread created and GroupValueWrite sent: 31/1/56 openknx.0.test.testout.dpt_275
2022-03-19 13:48:07.150  - [34mdebug[39m: openknx.0 (14704) Datapoint autoread created and GroupValueWrite sent: 31/1/55 openknx.0.test.testout.dpt_255
2022-03-19 13:48:07.155  - [34mdebug[39m: openknx.0 (14704) Datapoint autoread created and GroupValueWrite sent: 31/1/54 openknx.0.test.testout.dpt_252
2022-03-19 13:48:07.160  - [34mdebug[39m: openknx.0 (14704) Datapoint autoread created and GroupValueWrite sent: 31/1/53 openknx.0.test.testout.dpt_251
2022-03-19 13:48:07.167  - [34mdebug[39m: openknx.0 (14704) Datapoint autoread created and GroupValueWrite sent: 31/1/52 openknx.0.test.testout.dpt_250
2022-03-19 13:48:07.171  - [34mdebug[39m: openknx.0 (14704) Datapoint autoread created and GroupValueWrite sent: 31/1/51 openknx.0.test.testout.dpt_249
2022-03-19 13:48:07.176  - [34mdebug[39m: openknx.0 (14704) Datapoint autoread created and GroupValueWrite sent: 31/1/50 openknx.0.test.testout.dpt_246
2022-03-19 13:48:07.183  - [34mdebug[39m: openknx.0 (14704) Datapoint autoread created and GroupValueWrite sent: 31/1/49 openknx.0.test.testout.dpt_245
2022-03-19 13:48:07.188  - [34mdebug[39m: openknx.0 (14704) Datapoint autoread created and GroupValueWrite sent: 31/1/48 openknx.0.test.testout.dpt_244
2022-03-19 13:48:07.192  - [34mdebug[39m: openknx.0 (14704) Datapoint autoread created and GroupValueWrite sent: 31/1/47 openknx.0.test.testout.dpt_242
2022-03-19 13:48:07.198  - [34mdebug[39m: openknx.0 (14704) Datapoint autoread created and GroupValueWrite sent: 31/1/46 openknx.0.test.testout.dpt_240
2022-03-19 13:48:07.202  - [34mdebug[39m: openknx.0 (14704) Datapoint  created and GroupValueWrite sent: 31/1/45 openknx.0.test.testout.dpt_238
2022-03-19 13:48:07.207  - [34mdebug[39m: openknx.0 (14704) Datapoint autoread created and GroupValueWrite sent: 31/1/44 openknx.0.test.testout.dpt_237
2022-03-19 13:48:07.210  - [34mdebug[39m: openknx.0 (14704) Datapoint autoread created and GroupValueWrite sent: 31/1/43 openknx.0.test.testout.dpt_236
2022-03-19 13:48:07.218  - [34mdebug[39m: openknx.0 (14704) Datapoint autoread created and GroupValueWrite sent: 31/1/42 openknx.0.test.testout.dpt_235
2022-03-19 13:48:07.223  - [34mdebug[39m: openknx.0 (14704) Datapoint autoread created and GroupValueWrite sent: 31/1/41 openknx.0.test.testout.dpt_234
2022-03-19 13:48:07.226  - [34mdebug[39m: openknx.0 (14704) Datapoint autoread created and GroupValueWrite sent: 31/1/40 openknx.0.test.testout.dpt_232
2022-03-19 13:48:07.233  - [34mdebug[39m: openknx.0 (14704) Datapoint autoread created and GroupValueWrite sent: 31/1/39 openknx.0.test.testout.dpt_230
2022-03-19 13:48:07.238  - [34mdebug[39m: openknx.0 (14704) Datapoint autoread created and GroupValueWrite sent: 31/1/38 openknx.0.test.testout.dpt_229
2022-03-19 13:48:07.242  - [34mdebug[39m: openknx.0 (14704) Datapoint autoread created and GroupValueWrite sent: 31/1/37 openknx.0.test.testout.dpt_225
2022-03-19 13:48:07.248  - [34mdebug[39m: openknx.0 (14704) Datapoint autoread created and GroupValueWrite sent: 31/1/36 openknx.0.test.testout.dpt_222
2022-03-19 13:48:07.252  - [34mdebug[39m: openknx.0 (14704) Datapoint autoread created and GroupValueWrite sent: 31/1/35 openknx.0.test.testout.dpt_219
2022-03-19 13:48:07.256  - [34mdebug[39m: openknx.0 (14704) Datapoint autoread created and GroupValueWrite sent: 31/1/34 openknx.0.test.testout.dpt_217
2022-03-19 13:48:07.259  - [34mdebug[39m: openknx.0 (14704) Datapoint autoread created and GroupValueWrite sent: 31/1/33 openknx.0.test.testout.dpt_206
2022-03-19 13:48:07.265  - [34mdebug[39m: openknx.0 (14704) Datapoint autoread created and GroupValueWrite sent: 31/1/32 openknx.0.test.testout.dpt_30
2022-03-19 13:48:07.269  - [34mdebug[39m: openknx.0 (14704) Datapoint autoread created and GroupValueWrite sent: 31/1/31 openknx.0.test.testout.dpt_27
2022-03-19 13:48:07.272  - [34mdebug[39m: openknx.0 (14704) Datapoint  created and GroupValueWrite sent: 31/1/30 openknx.0.test.testout.dpt_26
2022-03-19 13:48:07.276  - [34mdebug[39m: openknx.0 (14704) Datapoint autoread created and GroupValueWrite sent: 31/1/29 openknx.0.test.testout.dpt_25
2022-03-19 13:48:07.284  - [34mdebug[39m: openknx.0 (14704) Datapoint autoread created and GroupValueWrite sent: 31/1/28 openknx.0.test.testout.dpt_29_010
2022-03-19 13:48:07.288  - [34mdebug[39m: openknx.0 (14704) Datapoint autoread created and GroupValueWrite sent: 31/1/27 openknx.0.test.testout.dpt_23
2022-03-19 13:48:07.291  - [34mdebug[39m: openknx.0 (14704) Datapoint autoread created and GroupValueWrite sent: 31/1/26 openknx.0.test.testout.dpt_29
2022-03-19 13:48:07.296  - [34mdebug[39m: openknx.0 (14704) Datapoint autoread created and GroupValueWrite sent: 31/1/25 openknx.0.test.testout.dpt_22
2022-03-19 13:48:07.302  - [34mdebug[39m: openknx.0 (14704) Datapoint autoread created and GroupValueWrite sent: 31/1/24 openknx.0.test.testout.dpt_21
2022-03-19 13:48:07.306  - [34mdebug[39m: openknx.0 (14704) Datapoint autoread created and GroupValueWrite sent: 31/1/23 openknx.0.test.testout.dpt_20
2022-03-19 13:48:07.309  - [34mdebug[39m: openknx.0 (14704) Datapoint autoread created and GroupValueWrite sent: 31/1/22 openknx.0.test.testout.dpt_19
2022-03-19 13:48:07.314  - [34mdebug[39m: openknx.0 (14704) Datapoint  created and GroupValueWrite sent: 31/1/21 openknx.0.test.testout.dpt_18
2022-03-19 13:48:07.319  - [34mdebug[39m: openknx.0 (14704) Datapoint  created and GroupValueWrite sent: 31/1/20 openknx.0.test.testout.dpt_17
2022-03-19 13:48:07.323  - [34mdebug[39m: openknx.0 (14704) Datapoint autoread created and GroupValueWrite sent: 31/1/19 openknx.0.test.testout.dpt_16
2022-03-19 13:48:07.334  - [34mdebug[39m: openknx.0 (14704) Datapoint autoread created and GroupValueWrite sent: 31/1/18 openknx.0.test.testout.dpt_15
2022-03-19 13:48:07.353  - [34mdebug[39m: openknx.0 (14704) Datapoint autoread created and GroupValueWrite sent: 31/1/17 openknx.0.test.testout.dpt_14
2022-03-19 13:48:07.359  - [34mdebug[39m: openknx.0 (14704) Datapoint autoread created and GroupValueWrite sent: 31/1/16 openknx.0.test.testout.dpt_13
2022-03-19 13:48:07.371  - [34mdebug[39m: openknx.0 (14704) Datapoint autoread created and GroupValueWrite sent: 31/1/15 openknx.0.test.testout.dpt_12
2022-03-19 13:48:07.376  - [34mdebug[39m: openknx.0 (14704) Datapoint autoread created and GroupValueWrite sent: 31/1/13 openknx.0.test.testout.dpt_10
2022-03-19 13:48:07.392  - [34mdebug[39m: openknx.0 (14704) Datapoint autoread created and GroupValueWrite sent: 31/1/12 openknx.0.test.testout.dpt_9
2022-03-19 13:48:07.401  - [34mdebug[39m: openknx.0 (14704) Datapoint autoread created and GroupValueWrite sent: 31/1/11 openknx.0.test.testout.dpt_8
2022-03-19 13:48:07.407  - [34mdebug[39m: openknx.0 (14704) Datapoint autoread created and GroupValueWrite sent: 31/1/10 openknx.0.test.testout.dpt_7
2022-03-19 13:48:07.419  - [34mdebug[39m: openknx.0 (14704) Datapoint autoread created and GroupValueWrite sent: 31/1/9 openknx.0.test.testout.dpt_6
2022-03-19 13:48:07.425  - [34mdebug[39m: openknx.0 (14704) Datapoint autoread created and GroupValueWrite sent: 31/1/59 openknx.0.test.testout.dpt_5
2022-03-19 13:48:07.431  - [34mdebug[39m: openknx.0 (14704) Datapoint autoread created and GroupValueWrite sent: 31/1/7 openknx.0.test.testout.dpt_4_001
2022-03-19 13:48:07.436  - [34mdebug[39m: openknx.0 (14704) Datapoint autoread created and GroupValueWrite sent: 31/1/6 openknx.0.test.testout.dpt3_007
2022-03-19 13:48:07.438  - [34mdebug[39m: openknx.0 (14704) Datapoint autoread created and GroupValueWrite sent: 31/1/5 openknx.0.test.testout.dpt_2_1
2022-03-19 13:48:07.441  - [34mdebug[39m: openknx.0 (14704) Datapoint autoread created and GroupValueWrite sent: 31/1/4 openknx.0.test.testout.dpt1_001
2022-03-19 13:48:07.443  - [34mdebug[39m: openknx.0 (14704) Datapoint autoread created and GroupValueWrite sent: 31/1/3 openknx.0.test.testout.dpt_3
2022-03-19 13:48:07.449  - [34mdebug[39m: openknx.0 (14704) Datapoint autoread created and GroupValueWrite sent: 31/1/2 openknx.0.test.testout.dpt_2
2022-03-19 13:48:07.454  - [34mdebug[39m: openknx.0 (14704) Datapoint autoread created and GroupValueWrite sent: 31/1/1 openknx.0.test.testout.dpt1
2022-03-19 13:48:07.457  - [34mdebug[39m: openknx.0 (14704) Datapoint autoread created and GroupValueWrite sent: 31/1/0 openknx.0.test.testout.dpt1_024
2022-03-19 13:48:07.464  - [34mdebug[39m: openknx.0 (14704) Datapoint autoread created and GroupValueWrite sent: 31/2/2 openknx.0.test.test.Neue_Gruppenadresse
2022-03-19 13:48:07.468  - [34mdebug[39m: openknx.0 (14704) Datapoint autoread created and GroupValueWrite sent: 31/2/1 openknx.0.test.test.yy
2022-03-19 13:48:07.475  - [34mdebug[39m: openknx.0 (14704) Datapoint autoread created and GroupValueWrite sent: 31/2/0 openknx.0.test.test.xx
2022-03-19 13:48:07.483  - [32minfo[39m: openknx.0 (14704) Connected!
2022-03-19 13:48:07.762  - [32minfo[39m: openknx.0 (14704) Found 125 valid KNX objects of 127 objects in adapter.
2022-03-19 13:51:45.143  - [34mdebug[39m: openknx.0 (14704) Outbound GroupValue_Write to 31/1/58 val: false from openknx.0.test.testout.dpt1_status
2022-03-19 13:53:34.137  - [34mdebug[39m: openknx.0 (14704) Plugin sentry destroyed
2022-03-19 13:53:34.142  - [32minfo[39m: openknx.0 (14704) Terminated (START_IMMEDIATELY_AFTER_STOP): Without reason
2022-03-19 13:53:50.119  - [31merror[39m: openknx.0 (7384) adapter disabled
2022-03-19 13:53:50.200  - [32minfo[39m: openknx.0 (7384) starting. Version 0.1.23 in C:/iobroker/node_modules/iobroker.openknx, node: v12.16.3, js-controller: 4.0.19
2022-03-19 13:53:50.215  - [32minfo[39m: openknx.0 (7384) Connecting to knx gateway:  192.168.0.10:3671   with phy. Adr: 1.1.250 minimum send delay: 100 ms debug level: debug
2022-03-19 13:53:50.216  - [32minfo[39m: openknx.0 (7384) C:\iobroker\node_modules\iobroker.openknx\node_modules\iobroker.js-controller
2022-03-19 13:53:50.322  - [34mdebug[39m: openknx.0 (7384) Datapoint autoread created and GroupValueWrite sent: 31/0/61 openknx.0.test.testin_status.ohne
2022-03-19 13:53:50.325  - [34mdebug[39m: openknx.0 (7384) Datapoint autoread created and GroupValueWrite sent: 31/0/60 openknx.0.test.testin_status.dpt_5
2022-03-19 13:53:50.327  - [34mdebug[39m: openknx.0 (7384) Datapoint autoread created and GroupValueWrite sent: 31/0/59 openknx.0.test.testin_status.dpt1_status
2022-03-19 13:53:50.329  - [34mdebug[39m: openknx.0 (7384) Datapoint autoread created and GroupValueWrite sent: 31/0/58 openknx.0.test.testin_status.dpt_275_100
2022-03-19 13:53:50.332  - [34mdebug[39m: openknx.0 (7384) Datapoint autoread created and GroupValueWrite sent: 31/0/57 openknx.0.test.testin_status.dpt_275
2022-03-19 13:53:50.334  - [34mdebug[39m: openknx.0 (7384) Datapoint autoread created and GroupValueWrite sent: 31/0/56 openknx.0.test.testin_status.dpt_255
2022-03-19 13:53:50.338  - [34mdebug[39m: openknx.0 (7384) Datapoint autoread created and GroupValueWrite sent: 31/0/55 openknx.0.test.testin_status.dpt_252
2022-03-19 13:53:50.341  - [34mdebug[39m: openknx.0 (7384) Datapoint autoread created and GroupValueWrite sent: 31/0/54 openknx.0.test.testin_status.dpt_251
2022-03-19 13:53:50.344  - [34mdebug[39m: openknx.0 (7384) Datapoint autoread created and GroupValueWrite sent: 31/0/53 openknx.0.test.testin_status.dpt_250
2022-03-19 13:53:50.346  - [34mdebug[39m: openknx.0 (7384) Datapoint autoread created and GroupValueWrite sent: 31/0/52 openknx.0.test.testin_status.dpt_249
2022-03-19 13:53:50.349  - [34mdebug[39m: openknx.0 (7384) Datapoint autoread created and GroupValueWrite sent: 31/0/51 openknx.0.test.testin_status.dpt_246
2022-03-19 13:53:50.352  - [34mdebug[39m: openknx.0 (7384) Datapoint autoread created and GroupValueWrite sent: 31/0/50 openknx.0.test.testin_status.dpt_245
2022-03-19 13:53:50.358  - [34mdebug[39m: openknx.0 (7384) Datapoint autoread created and GroupValueWrite sent: 31/0/49 openknx.0.test.testin_status.dpt_244
2022-03-19 13:53:50.363  - [34mdebug[39m: openknx.0 (7384) Datapoint autoread created and GroupValueWrite sent: 31/0/48 openknx.0.test.testin_status.dpt_242
2022-03-19 13:53:50.369  - [34mdebug[39m: openknx.0 (7384) Datapoint autoread created and GroupValueWrite sent: 31/0/47 openknx.0.test.testin_status.dpt_240
2022-03-19 13:53:50.373  - [34mdebug[39m: openknx.0 (7384) Datapoint  created and GroupValueWrite sent: 31/0/46 openknx.0.test.testin_status.dpt_238
2022-03-19 13:53:50.376  - [34mdebug[39m: openknx.0 (7384) Datapoint autoread created and GroupValueWrite sent: 31/0/45 openknx.0.test.testin_status.dpt_237
2022-03-19 13:53:50.379  - [34mdebug[39m: openknx.0 (7384) Datapoint autoread created and GroupValueWrite sent: 31/0/44 openknx.0.test.testin_status.dpt_236
2022-03-19 13:53:50.381  - [34mdebug[39m: openknx.0 (7384) Datapoint autoread created and GroupValueWrite sent: 31/0/43 openknx.0.test.testin_status.dpt_235
2022-03-19 13:53:50.385  - [34mdebug[39m: openknx.0 (7384) Datapoint autoread created and GroupValueWrite sent: 31/0/42 openknx.0.test.testin_status.dpt_234
2022-03-19 13:53:50.389  - [34mdebug[39m: openknx.0 (7384) Datapoint autoread created and GroupValueWrite sent: 31/0/41 openknx.0.test.testin_status.dpt_232
2022-03-19 13:53:50.394  - [34mdebug[39m: openknx.0 (7384) Datapoint autoread created and GroupValueWrite sent: 31/0/40 openknx.0.test.testin_status.dpt_230
2022-03-19 13:53:50.396  - [34mdebug[39m: openknx.0 (7384) Datapoint autoread created and GroupValueWrite sent: 31/0/39 openknx.0.test.testin_status.dpt_229
2022-03-19 13:53:50.402  - [34mdebug[39m: openknx.0 (7384) Datapoint autoread created and GroupValueWrite sent: 31/0/38 openknx.0.test.testin_status.dpt_225
2022-03-19 13:53:50.406  - [34mdebug[39m: openknx.0 (7384) Datapoint autoread created and GroupValueWrite sent: 31/0/37 openknx.0.test.testin_status.dpt_222
2022-03-19 13:53:50.409  - [34mdebug[39m: openknx.0 (7384) Datapoint autoread created and GroupValueWrite sent: 31/0/36 openknx.0.test.testin_status.dpt_219
2022-03-19 13:53:50.412  - [34mdebug[39m: openknx.0 (7384) Datapoint autoread created and GroupValueWrite sent: 31/0/35 openknx.0.test.testin_status.dpt_217
2022-03-19 13:53:50.413  - [34mdebug[39m: openknx.0 (7384) Datapoint autoread created and GroupValueWrite sent: 31/0/34 openknx.0.test.testin_status.dpt_206
2022-03-19 13:53:50.427  - [34mdebug[39m: openknx.0 (7384) Datapoint autoread created and GroupValueWrite sent: 31/0/33 openknx.0.test.testin_status.dpt_30
2022-03-19 13:53:50.429  - [34mdebug[39m: openknx.0 (7384) Datapoint autoread created and GroupValueWrite sent: 31/0/32 openknx.0.test.testin_status.dpt_27
2022-03-19 13:53:50.435  - [34mdebug[39m: openknx.0 (7384) Datapoint  created and GroupValueWrite sent: 31/0/31 openknx.0.test.testin_status.dpt_26
2022-03-19 13:53:50.439  - [34mdebug[39m: openknx.0 (7384) Datapoint autoread created and GroupValueWrite sent: 31/0/30 openknx.0.test.testin_status.dpt_25
2022-03-19 13:53:50.442  - [34mdebug[39m: openknx.0 (7384) Datapoint autoread created and GroupValueWrite sent: 31/0/29 openknx.0.test.testin_status.dpt_29_010
2022-03-19 13:53:50.445  - [34mdebug[39m: openknx.0 (7384) Datapoint autoread created and GroupValueWrite sent: 31/0/28 openknx.0.test.testin_status.dpt_23
2022-03-19 13:53:50.449  - [34mdebug[39m: openknx.0 (7384) Datapoint autoread created and GroupValueWrite sent: 31/0/27 openknx.0.test.testin_status.dpt_29
2022-03-19 13:53:50.453  - [34mdebug[39m: openknx.0 (7384) Datapoint autoread created and GroupValueWrite sent: 31/0/25 openknx.0.test.testin_status.dpt_22
2022-03-19 13:53:50.456  - [34mdebug[39m: openknx.0 (7384) Datapoint autoread created and GroupValueWrite sent: 31/0/24 openknx.0.test.testin_status.dpt_21
2022-03-19 13:53:50.458  - [34mdebug[39m: openknx.0 (7384) Datapoint autoread created and GroupValueWrite sent: 31/0/23 openknx.0.test.testin_status.dpt_20
2022-03-19 13:53:50.461  - [34mdebug[39m: openknx.0 (7384) Datapoint autoread created and GroupValueWrite sent: 31/0/22 openknx.0.test.testin_status.dpt_19
2022-03-19 13:53:50.463  - [34mdebug[39m: openknx.0 (7384) Datapoint  created and GroupValueWrite sent: 31/0/21 openknx.0.test.testin_status.dpt_18
2022-03-19 13:53:50.469  - [34mdebug[39m: openknx.0 (7384) Datapoint  created and GroupValueWrite sent: 31/0/20 openknx.0.test.testin_status.dpt_17
2022-03-19 13:53:50.472  - [34mdebug[39m: openknx.0 (7384) Datapoint autoread created and GroupValueWrite sent: 31/0/19 openknx.0.test.testin_status.dpt_16
2022-03-19 13:53:50.475  - [34mdebug[39m: openknx.0 (7384) Datapoint autoread created and GroupValueWrite sent: 31/0/18 openknx.0.test.testin_status.dpt_15
2022-03-19 13:53:50.477  - [34mdebug[39m: openknx.0 (7384) Datapoint autoread created and GroupValueWrite sent: 31/0/17 openknx.0.test.testin_status.dpt_14
2022-03-19 13:53:50.479  - [34mdebug[39m: openknx.0 (7384) Datapoint autoread created and GroupValueWrite sent: 31/0/16 openknx.0.test.testin_status.dpt_13
2022-03-19 13:53:50.482  - [34mdebug[39m: openknx.0 (7384) Datapoint autoread created and GroupValueWrite sent: 31/0/15 openknx.0.test.testin_status.dpt_12
2022-03-19 13:53:50.485  - [34mdebug[39m: openknx.0 (7384) Datapoint autoread created and GroupValueWrite sent: 31/0/14 openknx.0.test.testin_status.dpt_11_001
2022-03-19 13:53:50.487  - [34mdebug[39m: openknx.0 (7384) Datapoint autoread created and GroupValueWrite sent: 31/0/13 openknx.0.test.testin_status.dpt_10
2022-03-19 13:53:50.490  - [34mdebug[39m: openknx.0 (7384) Datapoint autoread created and GroupValueWrite sent: 31/0/12 openknx.0.test.testin_status.dpt_9
2022-03-19 13:53:50.492  - [34mdebug[39m: openknx.0 (7384) Datapoint autoread created and GroupValueWrite sent: 31/0/11 openknx.0.test.testin_status.dpt_8
2022-03-19 13:53:50.495  - [34mdebug[39m: openknx.0 (7384) Datapoint autoread created and GroupValueWrite sent: 31/0/10 openknx.0.test.testin_status.dpt_7
2022-03-19 13:53:50.497  - [34mdebug[39m: openknx.0 (7384) Datapoint autoread created and GroupValueWrite sent: 31/0/9 openknx.0.test.testin_status.dpt_6
2022-03-19 13:53:50.500  - [34mdebug[39m: openknx.0 (7384) Datapoint autoread created and GroupValueWrite sent: 31/0/8 openknx.0.test.testin_status.dpt_5_001
2022-03-19 13:53:50.503  - [34mdebug[39m: openknx.0 (7384) Datapoint autoread created and GroupValueWrite sent: 31/0/7 openknx.0.test.testin_status.dpt_4_001
2022-03-19 13:53:50.505  - [34mdebug[39m: openknx.0 (7384) Datapoint autoread created and GroupValueWrite sent: 31/0/6 openknx.0.test.testin_status.dpt3_007
2022-03-19 13:53:50.508  - [34mdebug[39m: openknx.0 (7384) Datapoint autoread created and GroupValueWrite sent: 31/0/5 openknx.0.test.testin_status.dpt_2_1
2022-03-19 13:53:50.511  - [34mdebug[39m: openknx.0 (7384) Datapoint autoread created and GroupValueWrite sent: 31/0/4 openknx.0.test.testin_status.dpt1_001
2022-03-19 13:53:50.513  - [34mdebug[39m: openknx.0 (7384) Datapoint autoread created and GroupValueWrite sent: 31/0/3 openknx.0.test.testin_status.dpt_3
2022-03-19 13:53:50.516  - [34mdebug[39m: openknx.0 (7384) Datapoint autoread created and GroupValueWrite sent: 31/0/2 openknx.0.test.testin_status.dpt_2
2022-03-19 13:53:50.519  - [34mdebug[39m: openknx.0 (7384) Datapoint autoread created and GroupValueWrite sent: 31/0/1 openknx.0.test.testin_status.dpt1
2022-03-19 13:53:50.522  - [34mdebug[39m: openknx.0 (7384) Datapoint autoread created and GroupValueWrite sent: 31/0/0 openknx.0.test.testin_status.dpt1_024
2022-03-19 13:53:50.524  - [34mdebug[39m: openknx.0 (7384) Datapoint autoread created and GroupValueWrite sent: 31/1/60 openknx.0.test.testout.ohne
2022-03-19 13:53:50.527  - [34mdebug[39m: openknx.0 (7384) Datapoint autoread created and GroupValueWrite sent: 31/1/58 openknx.0.test.testout.dpt1_status
2022-03-19 13:53:50.529  - [34mdebug[39m: openknx.0 (7384) Datapoint autoread created and GroupValueWrite sent: 31/1/14 openknx.0.test.testout.dpt_11_001
2022-03-19 13:53:50.532  - [34mdebug[39m: openknx.0 (7384) Datapoint autoread created and GroupValueWrite sent: 31/1/8 openknx.0.test.testout.dpt_5_001
2022-03-19 13:53:50.534  - [34mdebug[39m: openknx.0 (7384) Datapoint autoread created and GroupValueWrite sent: 31/1/57 openknx.0.test.testout.dpt_275_100
2022-03-19 13:53:50.537  - [34mdebug[39m: openknx.0 (7384) Datapoint autoread created and GroupValueWrite sent: 31/1/56 openknx.0.test.testout.dpt_275
2022-03-19 13:53:50.539  - [34mdebug[39m: openknx.0 (7384) Datapoint autoread created and GroupValueWrite sent: 31/1/55 openknx.0.test.testout.dpt_255
2022-03-19 13:53:50.541  - [34mdebug[39m: openknx.0 (7384) Datapoint autoread created and GroupValueWrite sent: 31/1/54 openknx.0.test.testout.dpt_252
2022-03-19 13:53:50.544  - [34mdebug[39m: openknx.0 (7384) Datapoint autoread created and GroupValueWrite sent: 31/1/53 openknx.0.test.testout.dpt_251
2022-03-19 13:53:50.545  - [34mdebug[39m: openknx.0 (7384) Datapoint autoread created and GroupValueWrite sent: 31/1/52 openknx.0.test.testout.dpt_250
2022-03-19 13:53:50.547  - [34mdebug[39m: openknx.0 (7384) Datapoint autoread created and GroupValueWrite sent: 31/1/51 openknx.0.test.testout.dpt_249
2022-03-19 13:53:50.551  - [34mdebug[39m: openknx.0 (7384) Datapoint autoread created and GroupValueWrite sent: 31/1/50 openknx.0.test.testout.dpt_246
2022-03-19 13:53:50.553  - [34mdebug[39m: openknx.0 (7384) Datapoint autoread created and GroupValueWrite sent: 31/1/49 openknx.0.test.testout.dpt_245
2022-03-19 13:53:50.555  - [34mdebug[39m: openknx.0 (7384) Datapoint autoread created and GroupValueWrite sent: 31/1/48 openknx.0.test.testout.dpt_244
2022-03-19 13:53:50.558  - [34mdebug[39m: openknx.0 (7384) Datapoint autoread created and GroupValueWrite sent: 31/1/47 openknx.0.test.testout.dpt_242
2022-03-19 13:53:50.561  - [34mdebug[39m: openknx.0 (7384) Datapoint autoread created and GroupValueWrite sent: 31/1/46 openknx.0.test.testout.dpt_240
2022-03-19 13:53:50.562  - [34mdebug[39m: openknx.0 (7384) Datapoint  created and GroupValueWrite sent: 31/1/45 openknx.0.test.testout.dpt_238
2022-03-19 13:53:50.565  - [34mdebug[39m: openknx.0 (7384) Datapoint autoread created and GroupValueWrite sent: 31/1/44 openknx.0.test.testout.dpt_237
2022-03-19 13:53:50.568  - [34mdebug[39m: openknx.0 (7384) Datapoint autoread created and GroupValueWrite sent: 31/1/43 openknx.0.test.testout.dpt_236
2022-03-19 13:53:50.570  - [34mdebug[39m: openknx.0 (7384) Datapoint autoread created and GroupValueWrite sent: 31/1/42 openknx.0.test.testout.dpt_235
2022-03-19 13:53:50.574  - [34mdebug[39m: openknx.0 (7384) Datapoint autoread created and GroupValueWrite sent: 31/1/41 openknx.0.test.testout.dpt_234
2022-03-19 13:53:50.577  - [34mdebug[39m: openknx.0 (7384) Datapoint autoread created and GroupValueWrite sent: 31/1/40 openknx.0.test.testout.dpt_232
2022-03-19 13:53:50.579  - [34mdebug[39m: openknx.0 (7384) Datapoint autoread created and GroupValueWrite sent: 31/1/39 openknx.0.test.testout.dpt_230
2022-03-19 13:53:50.581  - [34mdebug[39m: openknx.0 (7384) Datapoint autoread created and GroupValueWrite sent: 31/1/38 openknx.0.test.testout.dpt_229
2022-03-19 13:53:50.585  - [34mdebug[39m: openknx.0 (7384) Datapoint autoread created and GroupValueWrite sent: 31/1/37 openknx.0.test.testout.dpt_225
2022-03-19 13:53:50.587  - [34mdebug[39m: openknx.0 (7384) Datapoint autoread created and GroupValueWrite sent: 31/1/36 openknx.0.test.testout.dpt_222
2022-03-19 13:53:50.590  - [34mdebug[39m: openknx.0 (7384) Datapoint autoread created and GroupValueWrite sent: 31/1/35 openknx.0.test.testout.dpt_219
2022-03-19 13:53:50.593  - [34mdebug[39m: openknx.0 (7384) Datapoint autoread created and GroupValueWrite sent: 31/1/34 openknx.0.test.testout.dpt_217
2022-03-19 13:53:50.595  - [34mdebug[39m: openknx.0 (7384) Datapoint autoread created and GroupValueWrite sent: 31/1/33 openknx.0.test.testout.dpt_206
2022-03-19 13:53:50.597  - [34mdebug[39m: openknx.0 (7384) Datapoint autoread created and GroupValueWrite sent: 31/1/32 openknx.0.test.testout.dpt_30
2022-03-19 13:53:50.600  - [34mdebug[39m: openknx.0 (7384) Datapoint autoread created and GroupValueWrite sent: 31/1/31 openknx.0.test.testout.dpt_27
2022-03-19 13:53:50.603  - [34mdebug[39m: openknx.0 (7384) Datapoint  created and GroupValueWrite sent: 31/1/30 openknx.0.test.testout.dpt_26
2022-03-19 13:53:50.606  - [34mdebug[39m: openknx.0 (7384) Datapoint autoread created and GroupValueWrite sent: 31/1/29 openknx.0.test.testout.dpt_25
2022-03-19 13:53:50.612  - [34mdebug[39m: openknx.0 (7384) Datapoint autoread created and GroupValueWrite sent: 31/1/28 openknx.0.test.testout.dpt_29_010
2022-03-19 13:53:50.617  - [34mdebug[39m: openknx.0 (7384) Datapoint autoread created and GroupValueWrite sent: 31/1/27 openknx.0.test.testout.dpt_23
2022-03-19 13:53:50.619  - [34mdebug[39m: openknx.0 (7384) Datapoint autoread created and GroupValueWrite sent: 31/1/26 openknx.0.test.testout.dpt_29
2022-03-19 13:53:50.623  - [34mdebug[39m: openknx.0 (7384) Datapoint autoread created and GroupValueWrite sent: 31/1/25 openknx.0.test.testout.dpt_22
2022-03-19 13:53:50.625  - [34mdebug[39m: openknx.0 (7384) Datapoint autoread created and GroupValueWrite sent: 31/1/24 openknx.0.test.testout.dpt_21
2022-03-19 13:53:50.628  - [34mdebug[39m: openknx.0 (7384) Datapoint autoread created and GroupValueWrite sent: 31/1/23 openknx.0.test.testout.dpt_20
2022-03-19 13:53:50.629  - [34mdebug[39m: openknx.0 (7384) Datapoint autoread created and GroupValueWrite sent: 31/1/22 openknx.0.test.testout.dpt_19
2022-03-19 13:53:50.632  - [34mdebug[39m: openknx.0 (7384) Datapoint  created and GroupValueWrite sent: 31/1/21 openknx.0.test.testout.dpt_18
2022-03-19 13:53:50.634  - [34mdebug[39m: openknx.0 (7384) Datapoint  created and GroupValueWrite sent: 31/1/20 openknx.0.test.testout.dpt_17
2022-03-19 13:53:50.637  - [34mdebug[39m: openknx.0 (7384) Datapoint autoread created and GroupValueWrite sent: 31/1/19 openknx.0.test.testout.dpt_16
2022-03-19 13:53:50.640  - [34mdebug[39m: openknx.0 (7384) Datapoint autoread created and GroupValueWrite sent: 31/1/18 openknx.0.test.testout.dpt_15
2022-03-19 13:53:50.643  - [34mdebug[39m: openknx.0 (7384) Datapoint autoread created and GroupValueWrite sent: 31/1/17 openknx.0.test.testout.dpt_14
2022-03-19 13:53:50.645  - [34mdebug[39m: openknx.0 (7384) Datapoint autoread created and GroupValueWrite sent: 31/1/16 openknx.0.test.testout.dpt_13
2022-03-19 13:53:50.647  - [34mdebug[39m: openknx.0 (7384) Datapoint autoread created and GroupValueWrite sent: 31/1/15 openknx.0.test.testout.dpt_12
2022-03-19 13:53:50.651  - [34mdebug[39m: openknx.0 (7384) Datapoint autoread created and GroupValueWrite sent: 31/1/13 openknx.0.test.testout.dpt_10
2022-03-19 13:53:50.658  - [34mdebug[39m: openknx.0 (7384) Datapoint autoread created and GroupValueWrite sent: 31/1/12 openknx.0.test.testout.dpt_9
2022-03-19 13:53:50.661  - [34mdebug[39m: openknx.0 (7384) Datapoint autoread created and GroupValueWrite sent: 31/1/11 openknx.0.test.testout.dpt_8
2022-03-19 13:53:50.663  - [34mdebug[39m: openknx.0 (7384) Datapoint autoread created and GroupValueWrite sent: 31/1/10 openknx.0.test.testout.dpt_7
2022-03-19 13:53:50.672  - [34mdebug[39m: openknx.0 (7384) Datapoint autoread created and GroupValueWrite sent: 31/1/9 openknx.0.test.testout.dpt_6
2022-03-19 13:53:50.675  - [34mdebug[39m: openknx.0 (7384) Datapoint autoread created and GroupValueWrite sent: 31/1/59 openknx.0.test.testout.dpt_5
2022-03-19 13:53:50.678  - [34mdebug[39m: openknx.0 (7384) Datapoint autoread created and GroupValueWrite sent: 31/1/7 openknx.0.test.testout.dpt_4_001
2022-03-19 13:53:50.680  - [34mdebug[39m: openknx.0 (7384) Datapoint autoread created and GroupValueWrite sent: 31/1/6 openknx.0.test.testout.dpt3_007
2022-03-19 13:53:50.686  - [34mdebug[39m: openknx.0 (7384) Datapoint autoread created and GroupValueWrite sent: 31/1/5 openknx.0.test.testout.dpt_2_1
2022-03-19 13:53:50.690  - [34mdebug[39m: openknx.0 (7384) Datapoint autoread created and GroupValueWrite sent: 31/1/4 openknx.0.test.testout.dpt1_001
2022-03-19 13:53:50.695  - [34mdebug[39m: openknx.0 (7384) Datapoint autoread created and GroupValueWrite sent: 31/1/3 openknx.0.test.testout.dpt_3
2022-03-19 13:53:50.701  - [34mdebug[39m: openknx.0 (7384) Datapoint autoread created and GroupValueWrite sent: 31/1/2 openknx.0.test.testout.dpt_2
2022-03-19 13:53:50.707  - [34mdebug[39m: openknx.0 (7384) Datapoint autoread created and GroupValueWrite sent: 31/1/1 openknx.0.test.testout.dpt1
2022-03-19 13:53:50.712  - [34mdebug[39m: openknx.0 (7384) Datapoint autoread created and GroupValueWrite sent: 31/1/0 openknx.0.test.testout.dpt1_024
2022-03-19 13:53:50.716  - [34mdebug[39m: openknx.0 (7384) Datapoint autoread created and GroupValueWrite sent: 31/2/2 openknx.0.test.test.Neue_Gruppenadresse
2022-03-19 13:53:50.719  - [34mdebug[39m: openknx.0 (7384) Datapoint autoread created and GroupValueWrite sent: 31/2/1 openknx.0.test.test.yy
2022-03-19 13:53:50.722  - [34mdebug[39m: openknx.0 (7384) Datapoint autoread created and GroupValueWrite sent: 31/2/0 openknx.0.test.test.xx
2022-03-19 13:53:50.726  - [32minfo[39m: openknx.0 (7384) Connected!
2022-03-19 13:53:50.903  - [32minfo[39m: openknx.0 (7384) Found 125 valid KNX objects of 127 objects in adapter.
2022-03-19 13:54:06.388  - [34mdebug[39m: openknx.0 (7384) Outbound GroupValue_Write to 31/1/58 val: false from openknx.0.test.testout.dpt1_status
2022-03-19 13:54:20.670  - [34mdebug[39m: openknx.0 (7384) Outbound GroupValue_Write to 31/1/58 val: false from openknx.0.test.testout.dpt1_status
2022-03-19 13:54:38.845  - [32minfo[39m: openknx.0 (7384) Restarting...
2022-03-19 13:54:38.849  - [33mwarn[39m: openknx.0 (7384) Restart initiated
2022-03-19 13:54:38.921  - [32minfo[39m: openknx.0 (7384) terminating
2022-03-19 13:54:38.926  - [34mdebug[39m: openknx.0 (7384) Plugin sentry destroyed
2022-03-19 13:54:38.930  - [32minfo[39m: openknx.0 (7384) Terminated (NO_ERROR): Without reason
2022-03-19 13:55:02.886  - [31merror[39m: openknx.0 (8264) adapter disabled
2022-03-19 13:55:03.010  - [32minfo[39m: openknx.0 (8264) starting. Version 0.1.23 in C:/iobroker/node_modules/iobroker.openknx, node: v12.16.3, js-controller: 4.0.19
2022-03-19 13:55:03.033  - [32minfo[39m: openknx.0 (8264) Connecting to knx gateway:  192.168.0.10:3671   with phy. Adr: 1.1.250 minimum send delay: 100 ms debug level: debug
2022-03-19 13:55:03.039  - [32minfo[39m: openknx.0 (8264) C:\iobroker\node_modules\iobroker.openknx\node_modules\iobroker.js-controller
2022-03-19 13:55:03.227  - [34mdebug[39m: openknx.0 (8264) Datapoint autoread created and GroupValueWrite sent: 31/0/61 openknx.0.test.testin_status.ohne
2022-03-19 13:55:03.231  - [34mdebug[39m: openknx.0 (8264) Datapoint autoread created and GroupValueWrite sent: 31/0/60 openknx.0.test.testin_status.dpt_5
2022-03-19 13:55:03.237  - [34mdebug[39m: openknx.0 (8264) Datapoint autoread created and GroupValueWrite sent: 31/0/59 openknx.0.test.testin_status.dpt1_status
2022-03-19 13:55:03.245  - [34mdebug[39m: openknx.0 (8264) Datapoint autoread created and GroupValueWrite sent: 31/0/58 openknx.0.test.testin_status.dpt_275_100
2022-03-19 13:55:03.248  - [34mdebug[39m: openknx.0 (8264) Datapoint autoread created and GroupValueWrite sent: 31/0/57 openknx.0.test.testin_status.dpt_275
2022-03-19 13:55:03.255  - [34mdebug[39m: openknx.0 (8264) Datapoint autoread created and GroupValueWrite sent: 31/0/56 openknx.0.test.testin_status.dpt_255
2022-03-19 13:55:03.264  - [34mdebug[39m: openknx.0 (8264) Datapoint autoread created and GroupValueWrite sent: 31/0/55 openknx.0.test.testin_status.dpt_252
2022-03-19 13:55:03.271  - [34mdebug[39m: openknx.0 (8264) Datapoint autoread created and GroupValueWrite sent: 31/0/54 openknx.0.test.testin_status.dpt_251
2022-03-19 13:55:03.279  - [34mdebug[39m: openknx.0 (8264) Datapoint autoread created and GroupValueWrite sent: 31/0/53 openknx.0.test.testin_status.dpt_250
2022-03-19 13:55:03.283  - [34mdebug[39m: openknx.0 (8264) Datapoint autoread created and GroupValueWrite sent: 31/0/52 openknx.0.test.testin_status.dpt_249
2022-03-19 13:55:03.294  - [34mdebug[39m: openknx.0 (8264) Datapoint autoread created and GroupValueWrite sent: 31/0/51 openknx.0.test.testin_status.dpt_246
2022-03-19 13:55:03.299  - [34mdebug[39m: openknx.0 (8264) Datapoint autoread created and GroupValueWrite sent: 31/0/50 openknx.0.test.testin_status.dpt_245
2022-03-19 13:55:03.308  - [34mdebug[39m: openknx.0 (8264) Datapoint autoread created and GroupValueWrite sent: 31/0/49 openknx.0.test.testin_status.dpt_244
2022-03-19 13:55:03.316  - [34mdebug[39m: openknx.0 (8264) Datapoint autoread created and GroupValueWrite sent: 31/0/48 openknx.0.test.testin_status.dpt_242
2022-03-19 13:55:03.332  - [34mdebug[39m: openknx.0 (8264) Datapoint autoread created and GroupValueWrite sent: 31/0/47 openknx.0.test.testin_status.dpt_240
2022-03-19 13:55:03.339  - [34mdebug[39m: openknx.0 (8264) Datapoint  created and GroupValueWrite sent: 31/0/46 openknx.0.test.testin_status.dpt_238
2022-03-19 13:55:03.346  - [34mdebug[39m: openknx.0 (8264) Datapoint autoread created and GroupValueWrite sent: 31/0/45 openknx.0.test.testin_status.dpt_237
2022-03-19 13:55:03.349  - [34mdebug[39m: openknx.0 (8264) Datapoint autoread created and GroupValueWrite sent: 31/0/44 openknx.0.test.testin_status.dpt_236
2022-03-19 13:55:03.358  - [34mdebug[39m: openknx.0 (8264) Datapoint autoread created and GroupValueWrite sent: 31/0/43 openknx.0.test.testin_status.dpt_235
2022-03-19 13:55:03.363  - [34mdebug[39m: openknx.0 (8264) Datapoint autoread created and GroupValueWrite sent: 31/0/42 openknx.0.test.testin_status.dpt_234
2022-03-19 13:55:03.365  - [34mdebug[39m: openknx.0 (8264) Datapoint autoread created and GroupValueWrite sent: 31/0/41 openknx.0.test.testin_status.dpt_232
2022-03-19 13:55:03.375  - [34mdebug[39m: openknx.0 (8264) Datapoint autoread created and GroupValueWrite sent: 31/0/40 openknx.0.test.testin_status.dpt_230
2022-03-19 13:55:03.379  - [34mdebug[39m: openknx.0 (8264) Datapoint autoread created and GroupValueWrite sent: 31/0/39 openknx.0.test.testin_status.dpt_229
2022-03-19 13:55:03.381  - [34mdebug[39m: openknx.0 (8264) Datapoint autoread created and GroupValueWrite sent: 31/0/38 openknx.0.test.testin_status.dpt_225
2022-03-19 13:55:03.383  - [34mdebug[39m: openknx.0 (8264) Datapoint autoread created and GroupValueWrite sent: 31/0/37 openknx.0.test.testin_status.dpt_222
2022-03-19 13:55:03.389  - [34mdebug[39m: openknx.0 (8264) Datapoint autoread created and GroupValueWrite sent: 31/0/36 openknx.0.test.testin_status.dpt_219
2022-03-19 13:55:03.393  - [34mdebug[39m: openknx.0 (8264) Datapoint autoread created and GroupValueWrite sent: 31/0/35 openknx.0.test.testin_status.dpt_217
2022-03-19 13:55:03.396  - [34mdebug[39m: openknx.0 (8264) Datapoint autoread created and GroupValueWrite sent: 31/0/34 openknx.0.test.testin_status.dpt_206
2022-03-19 13:55:03.398  - [34mdebug[39m: openknx.0 (8264) Datapoint autoread created and GroupValueWrite sent: 31/0/33 openknx.0.test.testin_status.dpt_30
2022-03-19 13:55:03.403  - [34mdebug[39m: openknx.0 (8264) Datapoint autoread created and GroupValueWrite sent: 31/0/32 openknx.0.test.testin_status.dpt_27
2022-03-19 13:55:03.407  - [34mdebug[39m: openknx.0 (8264) Datapoint  created and GroupValueWrite sent: 31/0/31 openknx.0.test.testin_status.dpt_26
2022-03-19 13:55:03.409  - [34mdebug[39m: openknx.0 (8264) Datapoint autoread created and GroupValueWrite sent: 31/0/30 openknx.0.test.testin_status.dpt_25
2022-03-19 13:55:03.412  - [34mdebug[39m: openknx.0 (8264) Datapoint autoread created and GroupValueWrite sent: 31/0/29 openknx.0.test.testin_status.dpt_29_010
2022-03-19 13:55:03.414  - [34mdebug[39m: openknx.0 (8264) Datapoint autoread created and GroupValueWrite sent: 31/0/28 openknx.0.test.testin_status.dpt_23
2022-03-19 13:55:03.415  - [34mdebug[39m: openknx.0 (8264) Datapoint autoread created and GroupValueWrite sent: 31/0/27 openknx.0.test.testin_status.dpt_29
2022-03-19 13:55:03.416  - [34mdebug[39m: openknx.0 (8264) Datapoint autoread created and GroupValueWrite sent: 31/0/25 openknx.0.test.testin_status.dpt_22
2022-03-19 13:55:03.421  - [34mdebug[39m: openknx.0 (8264) Datapoint autoread created and GroupValueWrite sent: 31/0/24 openknx.0.test.testin_status.dpt_21
2022-03-19 13:55:03.424  - [34mdebug[39m: openknx.0 (8264) Datapoint autoread created and GroupValueWrite sent: 31/0/23 openknx.0.test.testin_status.dpt_20
2022-03-19 13:55:03.427  - [34mdebug[39m: openknx.0 (8264) Datapoint autoread created and GroupValueWrite sent: 31/0/22 openknx.0.test.testin_status.dpt_19
2022-03-19 13:55:03.429  - [34mdebug[39m: openknx.0 (8264) Datapoint  created and GroupValueWrite sent: 31/0/21 openknx.0.test.testin_status.dpt_18
2022-03-19 13:55:03.431  - [34mdebug[39m: openknx.0 (8264) Datapoint  created and GroupValueWrite sent: 31/0/20 openknx.0.test.testin_status.dpt_17
2022-03-19 13:55:03.432  - [34mdebug[39m: openknx.0 (8264) Datapoint autoread created and GroupValueWrite sent: 31/0/19 openknx.0.test.testin_status.dpt_16
2022-03-19 13:55:03.436  - [34mdebug[39m: openknx.0 (8264) Datapoint autoread created and GroupValueWrite sent: 31/0/18 openknx.0.test.testin_status.dpt_15
2022-03-19 13:55:03.439  - [34mdebug[39m: openknx.0 (8264) Datapoint autoread created and GroupValueWrite sent: 31/0/17 openknx.0.test.testin_status.dpt_14
2022-03-19 13:55:03.442  - [34mdebug[39m: openknx.0 (8264) Datapoint autoread created and GroupValueWrite sent: 31/0/16 openknx.0.test.testin_status.dpt_13
2022-03-19 13:55:03.445  - [34mdebug[39m: openknx.0 (8264) Datapoint autoread created and GroupValueWrite sent: 31/0/15 openknx.0.test.testin_status.dpt_12
2022-03-19 13:55:03.447  - [34mdebug[39m: openknx.0 (8264) Datapoint autoread created and GroupValueWrite sent: 31/0/14 openknx.0.test.testin_status.dpt_11_001
2022-03-19 13:55:03.449  - [34mdebug[39m: openknx.0 (8264) Datapoint autoread created and GroupValueWrite sent: 31/0/13 openknx.0.test.testin_status.dpt_10
2022-03-19 13:55:03.450  - [34mdebug[39m: openknx.0 (8264) Datapoint autoread created and GroupValueWrite sent: 31/0/12 openknx.0.test.testin_status.dpt_9
2022-03-19 13:55:03.454  - [34mdebug[39m: openknx.0 (8264) Datapoint autoread created and GroupValueWrite sent: 31/0/11 openknx.0.test.testin_status.dpt_8
2022-03-19 13:55:03.458  - [34mdebug[39m: openknx.0 (8264) Datapoint autoread created and GroupValueWrite sent: 31/0/10 openknx.0.test.testin_status.dpt_7
2022-03-19 13:55:03.461  - [34mdebug[39m: openknx.0 (8264) Datapoint autoread created and GroupValueWrite sent: 31/0/9 openknx.0.test.testin_status.dpt_6
2022-03-19 13:55:03.463  - [34mdebug[39m: openknx.0 (8264) Datapoint autoread created and GroupValueWrite sent: 31/0/8 openknx.0.test.testin_status.dpt_5_001
2022-03-19 13:55:03.465  - [34mdebug[39m: openknx.0 (8264) Datapoint autoread created and GroupValueWrite sent: 31/0/7 openknx.0.test.testin_status.dpt_4_001
2022-03-19 13:55:03.466  - [34mdebug[39m: openknx.0 (8264) Datapoint autoread created and GroupValueWrite sent: 31/0/6 openknx.0.test.testin_status.dpt3_007
2022-03-19 13:55:03.470  - [34mdebug[39m: openknx.0 (8264) Datapoint autoread created and GroupValueWrite sent: 31/0/5 openknx.0.test.testin_status.dpt_2_1
2022-03-19 13:55:03.474  - [34mdebug[39m: openknx.0 (8264) Datapoint autoread created and GroupValueWrite sent: 31/0/4 openknx.0.test.testin_status.dpt1_001
2022-03-19 13:55:03.477  - [34mdebug[39m: openknx.0 (8264) Datapoint autoread created and GroupValueWrite sent: 31/0/3 openknx.0.test.testin_status.dpt_3
2022-03-19 13:55:03.479  - [34mdebug[39m: openknx.0 (8264) Datapoint autoread created and GroupValueWrite sent: 31/0/2 openknx.0.test.testin_status.dpt_2
2022-03-19 13:55:03.481  - [34mdebug[39m: openknx.0 (8264) Datapoint autoread created and GroupValueWrite sent: 31/0/1 openknx.0.test.testin_status.dpt1
2022-03-19 13:55:03.483  - [34mdebug[39m: openknx.0 (8264) Datapoint autoread created and GroupValueWrite sent: 31/0/0 openknx.0.test.testin_status.dpt1_024
2022-03-19 13:55:03.487  - [34mdebug[39m: openknx.0 (8264) Datapoint autoread created and GroupValueWrite sent: 31/1/60 openknx.0.test.testout.ohne
2022-03-19 13:55:03.493  - [34mdebug[39m: openknx.0 (8264) Datapoint autoread created and GroupValueWrite sent: 31/1/58 openknx.0.test.testout.dpt1_status
2022-03-19 13:55:03.496  - [34mdebug[39m: openknx.0 (8264) Datapoint autoread created and GroupValueWrite sent: 31/1/14 openknx.0.test.testout.dpt_11_001
2022-03-19 13:55:03.498  - [34mdebug[39m: openknx.0 (8264) Datapoint autoread created and GroupValueWrite sent: 31/1/8 openknx.0.test.testout.dpt_5_001
2022-03-19 13:55:03.500  - [34mdebug[39m: openknx.0 (8264) Datapoint autoread created and GroupValueWrite sent: 31/1/57 openknx.0.test.testout.dpt_275_100
2022-03-19 13:55:03.505  - [34mdebug[39m: openknx.0 (8264) Datapoint autoread created and GroupValueWrite sent: 31/1/56 openknx.0.test.testout.dpt_275
2022-03-19 13:55:03.509  - [34mdebug[39m: openknx.0 (8264) Datapoint autoread created and GroupValueWrite sent: 31/1/55 openknx.0.test.testout.dpt_255
2022-03-19 13:55:03.511  - [34mdebug[39m: openknx.0 (8264) Datapoint autoread created and GroupValueWrite sent: 31/1/54 openknx.0.test.testout.dpt_252
2022-03-19 13:55:03.513  - [34mdebug[39m: openknx.0 (8264) Datapoint autoread created and GroupValueWrite sent: 31/1/53 openknx.0.test.testout.dpt_251
2022-03-19 13:55:03.515  - [34mdebug[39m: openknx.0 (8264) Datapoint autoread created and GroupValueWrite sent: 31/1/52 openknx.0.test.testout.dpt_250
2022-03-19 13:55:03.517  - [34mdebug[39m: openknx.0 (8264) Datapoint autoread created and GroupValueWrite sent: 31/1/51 openknx.0.test.testout.dpt_249
2022-03-19 13:55:03.520  - [34mdebug[39m: openknx.0 (8264) Datapoint autoread created and GroupValueWrite sent: 31/1/50 openknx.0.test.testout.dpt_246
2022-03-19 13:55:03.525  - [34mdebug[39m: openknx.0 (8264) Datapoint autoread created and GroupValueWrite sent: 31/1/49 openknx.0.test.testout.dpt_245
2022-03-19 13:55:03.528  - [34mdebug[39m: openknx.0 (8264) Datapoint autoread created and GroupValueWrite sent: 31/1/48 openknx.0.test.testout.dpt_244
2022-03-19 13:55:03.531  - [34mdebug[39m: openknx.0 (8264) Datapoint autoread created and GroupValueWrite sent: 31/1/47 openknx.0.test.testout.dpt_242
2022-03-19 13:55:03.534  - [34mdebug[39m: openknx.0 (8264) Datapoint autoread created and GroupValueWrite sent: 31/1/46 openknx.0.test.testout.dpt_240
2022-03-19 13:55:03.540  - [34mdebug[39m: openknx.0 (8264) Datapoint  created and GroupValueWrite sent: 31/1/45 openknx.0.test.testout.dpt_238
2022-03-19 13:55:03.542  - [34mdebug[39m: openknx.0 (8264) Datapoint autoread created and GroupValueWrite sent: 31/1/44 openknx.0.test.testout.dpt_237
2022-03-19 13:55:03.543  - [34mdebug[39m: openknx.0 (8264) Datapoint autoread created and GroupValueWrite sent: 31/1/43 openknx.0.test.testout.dpt_236
2022-03-19 13:55:03.545  - [34mdebug[39m: openknx.0 (8264) Datapoint autoread created and GroupValueWrite sent: 31/1/42 openknx.0.test.testout.dpt_235
2022-03-19 13:55:03.547  - [34mdebug[39m: openknx.0 (8264) Datapoint autoread created and GroupValueWrite sent: 31/1/41 openknx.0.test.testout.dpt_234
2022-03-19 13:55:03.549  - [34mdebug[39m: openknx.0 (8264) Datapoint autoread created and GroupValueWrite sent: 31/1/40 openknx.0.test.testout.dpt_232
2022-03-19 13:55:03.550  - [34mdebug[39m: openknx.0 (8264) Datapoint autoread created and GroupValueWrite sent: 31/1/39 openknx.0.test.testout.dpt_230
2022-03-19 13:55:03.556  - [34mdebug[39m: openknx.0 (8264) Datapoint autoread created and GroupValueWrite sent: 31/1/38 openknx.0.test.testout.dpt_229
2022-03-19 13:55:03.558  - [34mdebug[39m: openknx.0 (8264) Datapoint autoread created and GroupValueWrite sent: 31/1/37 openknx.0.test.testout.dpt_225
2022-03-19 13:55:03.560  - [34mdebug[39m: openknx.0 (8264) Datapoint autoread created and GroupValueWrite sent: 31/1/36 openknx.0.test.testout.dpt_222
2022-03-19 13:55:03.562  - [34mdebug[39m: openknx.0 (8264) Datapoint autoread created and GroupValueWrite sent: 31/1/35 openknx.0.test.testout.dpt_219
2022-03-19 13:55:03.565  - [34mdebug[39m: openknx.0 (8264) Datapoint autoread created and GroupValueWrite sent: 31/1/34 openknx.0.test.testout.dpt_217
2022-03-19 13:55:03.566  - [34mdebug[39m: openknx.0 (8264) Datapoint autoread created and GroupValueWrite sent: 31/1/33 openknx.0.test.testout.dpt_206
2022-03-19 13:55:03.572  - [34mdebug[39m: openknx.0 (8264) Datapoint autoread created and GroupValueWrite sent: 31/1/32 openknx.0.test.testout.dpt_30
2022-03-19 13:55:03.574  - [34mdebug[39m: openknx.0 (8264) Datapoint autoread created and GroupValueWrite sent: 31/1/31 openknx.0.test.testout.dpt_27
2022-03-19 13:55:03.576  - [34mdebug[39m: openknx.0 (8264) Datapoint  created and GroupValueWrite sent: 31/1/30 openknx.0.test.testout.dpt_26
2022-03-19 13:55:03.577  - [34mdebug[39m: openknx.0 (8264) Datapoint autoread created and GroupValueWrite sent: 31/1/29 openknx.0.test.testout.dpt_25
2022-03-19 13:55:03.579  - [34mdebug[39m: openknx.0 (8264) Datapoint autoread created and GroupValueWrite sent: 31/1/28 openknx.0.test.testout.dpt_29_010
2022-03-19 13:55:03.582  - [34mdebug[39m: openknx.0 (8264) Datapoint autoread created and GroupValueWrite sent: 31/1/27 openknx.0.test.testout.dpt_23
2022-03-19 13:55:03.583  - [34mdebug[39m: openknx.0 (8264) Datapoint autoread created and GroupValueWrite sent: 31/1/26 openknx.0.test.testout.dpt_29
2022-03-19 13:55:03.588  - [34mdebug[39m: openknx.0 (8264) Datapoint autoread created and GroupValueWrite sent: 31/1/25 openknx.0.test.testout.dpt_22
2022-03-19 13:55:03.590  - [34mdebug[39m: openknx.0 (8264) Datapoint autoread created and GroupValueWrite sent: 31/1/24 openknx.0.test.testout.dpt_21
2022-03-19 13:55:03.592  - [34mdebug[39m: openknx.0 (8264) Datapoint autoread created and GroupValueWrite sent: 31/1/23 openknx.0.test.testout.dpt_20
2022-03-19 13:55:03.594  - [34mdebug[39m: openknx.0 (8264) Datapoint autoread created and GroupValueWrite sent: 31/1/22 openknx.0.test.testout.dpt_19
2022-03-19 13:55:03.596  - [34mdebug[39m: openknx.0 (8264) Datapoint  created and GroupValueWrite sent: 31/1/21 openknx.0.test.testout.dpt_18
2022-03-19 13:55:03.597  - [34mdebug[39m: openknx.0 (8264) Datapoint  created and GroupValueWrite sent: 31/1/20 openknx.0.test.testout.dpt_17
2022-03-19 13:55:03.599  - [34mdebug[39m: openknx.0 (8264) Datapoint autoread created and GroupValueWrite sent: 31/1/19 openknx.0.test.testout.dpt_16
2022-03-19 13:55:03.602  - [34mdebug[39m: openknx.0 (8264) Datapoint autoread created and GroupValueWrite sent: 31/1/18 openknx.0.test.testout.dpt_15
2022-03-19 13:55:03.605  - [34mdebug[39m: openknx.0 (8264) Datapoint autoread created and GroupValueWrite sent: 31/1/17 openknx.0.test.testout.dpt_14
2022-03-19 13:55:03.608  - [34mdebug[39m: openknx.0 (8264) Datapoint autoread created and GroupValueWrite sent: 31/1/16 openknx.0.test.testout.dpt_13
2022-03-19 13:55:03.610  - [34mdebug[39m: openknx.0 (8264) Datapoint autoread created and GroupValueWrite sent: 31/1/15 openknx.0.test.testout.dpt_12
2022-03-19 13:55:03.612  - [34mdebug[39m: openknx.0 (8264) Datapoint autoread created and GroupValueWrite sent: 31/1/13 openknx.0.test.testout.dpt_10
2022-03-19 13:55:03.614  - [34mdebug[39m: openknx.0 (8264) Datapoint autoread created and GroupValueWrite sent: 31/1/12 openknx.0.test.testout.dpt_9
2022-03-19 13:55:03.615  - [34mdebug[39m: openknx.0 (8264) Datapoint autoread created and GroupValueWrite sent: 31/1/11 openknx.0.test.testout.dpt_8
2022-03-19 13:55:03.617  - [34mdebug[39m: openknx.0 (8264) Datapoint autoread created and GroupValueWrite sent: 31/1/10 openknx.0.test.testout.dpt_7
2022-03-19 13:55:03.621  - [34mdebug[39m: openknx.0 (8264) Datapoint autoread created and GroupValueWrite sent: 31/1/9 openknx.0.test.testout.dpt_6
2022-03-19 13:55:03.624  - [34mdebug[39m: openknx.0 (8264) Datapoint autoread created and GroupValueWrite sent: 31/1/59 openknx.0.test.testout.dpt_5
2022-03-19 13:55:03.626  - [34mdebug[39m: openknx.0 (8264) Datapoint autoread created and GroupValueWrite sent: 31/1/7 openknx.0.test.testout.dpt_4_001
2022-03-19 13:55:03.629  - [34mdebug[39m: openknx.0 (8264) Datapoint autoread created and GroupValueWrite sent: 31/1/6 openknx.0.test.testout.dpt3_007
2022-03-19 13:55:03.631  - [34mdebug[39m: openknx.0 (8264) Datapoint autoread created and GroupValueWrite sent: 31/1/5 openknx.0.test.testout.dpt_2_1
2022-03-19 13:55:03.632  - [34mdebug[39m: openknx.0 (8264) Datapoint autoread created and GroupValueWrite sent: 31/1/4 openknx.0.test.testout.dpt1_001
2022-03-19 13:55:03.637  - [34mdebug[39m: openknx.0 (8264) Datapoint autoread created and GroupValueWrite sent: 31/1/3 openknx.0.test.testout.dpt_3
2022-03-19 13:55:03.641  - [34mdebug[39m: openknx.0 (8264) Datapoint autoread created and GroupValueWrite sent: 31/1/2 openknx.0.test.testout.dpt_2
2022-03-19 13:55:03.644  - [34mdebug[39m: openknx.0 (8264) Datapoint autoread created and GroupValueWrite sent: 31/1/1 openknx.0.test.testout.dpt1
2022-03-19 13:55:03.646  - [34mdebug[39m: openknx.0 (8264) Datapoint autoread created and GroupValueWrite sent: 31/1/0 openknx.0.test.testout.dpt1_024
2022-03-19 13:55:03.648  - [34mdebug[39m: openknx.0 (8264) Datapoint autoread created and GroupValueWrite sent: 31/2/2 openknx.0.test.test.Neue_Gruppenadresse
2022-03-19 13:55:03.654  - [34mdebug[39m: openknx.0 (8264) Datapoint autoread created and GroupValueWrite sent: 31/2/1 openknx.0.test.test.yy
2022-03-19 13:55:03.657  - [34mdebug[39m: openknx.0 (8264) Datapoint autoread created and GroupValueWrite sent: 31/2/0 openknx.0.test.test.xx
2022-03-19 13:55:03.660  - [32minfo[39m: openknx.0 (8264) Connected!
2022-03-19 13:55:03.887  - [32minfo[39m: openknx.0 (8264) Found 125 valid KNX objects of 127 objects in adapter.
2022-03-19 13:55:09.160  - [34mdebug[39m: openknx.0 (8264) Outbound GroupValue_Write to 31/1/58 val: false from openknx.0.test.testout.dpt1_status
