2022-03-18 00:04:30.935  - [33mwarn[39m: openknx.0 (14440) [warn] 2022-03-17 23:04:30.935 connection timed out, retrying...
2022-03-18 00:04:30.980  - [32minfo[39m: openknx.0 (14440) Connected!
2022-03-18 00:52:06.803  - [33mwarn[39m: openknx.0 (14440) [warn] 2022-03-17 23:52:06.803 connection timed out, retrying...
2022-03-18 00:52:06.810  - [32minfo[39m: openknx.0 (14440) Connected!
2022-03-18 01:39:49.962  - [33mwarn[39m: openknx.0 (14440) [warn] 2022-03-18 00:39:49.962 connection timed out, retrying...
2022-03-18 01:39:49.968  - [32minfo[39m: openknx.0 (14440) Connected!
2022-03-18 02:27:30.343  - [33mwarn[39m: openknx.0 (14440) [warn] 2022-03-18 01:27:30.343 connection timed out, retrying...
2022-03-18 02:27:30.348  - [32minfo[39m: openknx.0 (14440) Connected!
2022-03-18 03:15:02.207  - [33mwarn[39m: openknx.0 (14440) [warn] 2022-03-18 02:15:02.207 connection timed out, retrying...
2022-03-18 03:15:02.212  - [32minfo[39m: openknx.0 (14440) Connected!
2022-03-18 04:02:22.988  - [33mwarn[39m: openknx.0 (14440) [warn] 2022-03-18 03:02:22.988 connection timed out, retrying...
2022-03-18 04:02:22.994  - [32minfo[39m: openknx.0 (14440) Connected!
2022-03-18 04:49:42.167  - [33mwarn[39m: openknx.0 (14440) [warn] 2022-03-18 03:49:42.167 connection timed out, retrying...
2022-03-18 04:49:42.173  - [32minfo[39m: openknx.0 (14440) Connected!
2022-03-18 05:36:28.273  - [33mwarn[39m: openknx.0 (14440) [warn] 2022-03-18 04:36:28.273 connection timed out, retrying...
2022-03-18 05:36:28.279  - [32minfo[39m: openknx.0 (14440) Connected!
2022-03-18 06:22:29.803  - [32minfo[39m: openknx.0 (14440) Connected!
2022-03-18 07:08:36.175  - [33mwarn[39m: openknx.0 (14440) [warn] 2022-03-18 06:08:36.175 connection timed out, retrying...
2022-03-18 07:08:36.180  - [32minfo[39m: openknx.0 (14440) Connected!
2022-03-18 07:56:00.709  - [33mwarn[39m: openknx.0 (14440) possible data loss due to gateway reset, consider increasing frame delay
2022-03-18 07:56:00.711  - [32minfo[39m: openknx.0 (14440) [info] 2022-03-18 06:56:00.709 empty internal fsm queue due to inbound_DISCONNECT_REQUEST: 
2022-03-18 07:56:00.717  - [32minfo[39m: openknx.0 (14440) Connected!
2022-03-18 07:56:03.309  - [33mwarn[39m: openknx.0 (14440) possible data loss due to gateway reset, consider increasing frame delay
2022-03-18 07:56:03.311  - [32minfo[39m: openknx.0 (14440) [info] 2022-03-18 06:56:03.309 empty internal fsm queue due to inbound_DISCONNECT_REQUEST: 
2022-03-18 07:56:03.316  - [32minfo[39m: openknx.0 (14440) Connected!
2022-03-18 08:42:21.168  - [33mwarn[39m: openknx.0 (14440) [warn] 2022-03-18 07:42:21.168 connection timed out, retrying...
2022-03-18 08:42:21.175  - [32minfo[39m: openknx.0 (14440) Connected!
2022-03-18 08:42:23.374  - [33mwarn[39m: openknx.0 (14440) possible data loss due to gateway reset, consider increasing frame delay
2022-03-18 08:42:23.375  - [32minfo[39m: openknx.0 (14440) [info] 2022-03-18 07:42:23.374 empty internal fsm queue due to inbound_DISCONNECT_REQUEST: 
2022-03-18 08:42:23.381  - [32minfo[39m: openknx.0 (14440) Connected!
2022-03-18 09:30:10.841  - [33mwarn[39m: openknx.0 (14440) [warn] 2022-03-18 08:30:10.841 connection timed out, retrying...
2022-03-18 09:30:10.847  - [32minfo[39m: openknx.0 (14440) Connected!
2022-03-18 10:48:23.032  - [33mwarn[39m: openknx.0 (14440) [warn] 2022-03-18 09:48:23.032 connection timed out, retrying...
2022-03-18 10:48:23.038  - [32minfo[39m: openknx.0 (14440) Connected!
2022-03-18 11:36:17.232  - [33mwarn[39m: openknx.0 (14440) [warn] 2022-03-18 10:36:17.232 connection timed out, retrying...
2022-03-18 11:36:17.237  - [32minfo[39m: openknx.0 (14440) Connected!
2022-03-18 11:36:19.278  - [33mwarn[39m: openknx.0 (14440) possible data loss due to gateway reset, consider increasing frame delay
2022-03-18 11:36:19.279  - [32minfo[39m: openknx.0 (14440) [info] 2022-03-18 10:36:19.278 empty internal fsm queue due to inbound_DISCONNECT_REQUEST: 
2022-03-18 11:36:19.286  - [32minfo[39m: openknx.0 (14440) Connected!
2022-03-18 12:24:40.091  - [33mwarn[39m: openknx.0 (14440) [warn] 2022-03-18 11:24:40.091 connection timed out, retrying...
2022-03-18 12:24:40.097  - [32minfo[39m: openknx.0 (14440) Connected!
2022-03-18 13:49:16.933  - [33mwarn[39m: openknx.0 (14440) [warn] 2022-03-18 12:49:16.933 connection timed out, retrying...
2022-03-18 13:49:16.939  - [32minfo[39m: openknx.0 (14440) Connected!
2022-03-18 14:36:49.187  - [33mwarn[39m: openknx.0 (14440) [warn] 2022-03-18 13:36:49.187 connection timed out, retrying...
2022-03-18 14:36:49.193  - [32minfo[39m: openknx.0 (14440) Connected!
2022-03-18 15:25:39.197  - [33mwarn[39m: openknx.0 (14440) [warn] 2022-03-18 14:25:39.197 connection timed out, retrying...
2022-03-18 15:25:39.203  - [32minfo[39m: openknx.0 (14440) Connected!
2022-03-18 15:25:55.353  - [33mwarn[39m: openknx.0 (14440) possible data loss due to gateway reset, consider increasing frame delay
2022-03-18 15:25:55.355  - [32minfo[39m: openknx.0 (14440) [info] 2022-03-18 14:25:55.353 empty internal fsm queue due to inbound_DISCONNECT_REQUEST: 
2022-03-18 15:25:55.362  - [32minfo[39m: openknx.0 (14440) Connected!
2022-03-18 16:14:52.256  - [33mwarn[39m: openknx.0 (14440) [warn] 2022-03-18 15:14:52.256 connection timed out, retrying...
2022-03-18 16:14:52.262  - [32minfo[39m: openknx.0 (14440) Connected!
2022-03-18 17:03:04.190  - [33mwarn[39m: openknx.0 (14440) [warn] 2022-03-18 16:03:04.190 connection timed out, retrying...
2022-03-18 17:03:04.196  - [32minfo[39m: openknx.0 (14440) Connected!
2022-03-18 17:52:22.874  - [33mwarn[39m: openknx.0 (14440) [warn] 2022-03-18 16:52:22.874 connection timed out, retrying...
2022-03-18 17:52:22.881  - [32minfo[39m: openknx.0 (14440) Connected!
2022-03-18 18:54:07.925  - [33mwarn[39m: openknx.0 (14440) [warn] 2022-03-18 17:54:07.925 connection timed out, retrying...
2022-03-18 18:54:07.931  - [32minfo[39m: openknx.0 (14440) Connected!
2022-03-18 19:41:55.151  - [33mwarn[39m: openknx.0 (14440) [warn] 2022-03-18 18:41:55.151 connection timed out, retrying...
2022-03-18 19:41:55.191  - [32minfo[39m: openknx.0 (14440) Connected!
2022-03-18 20:30:45.306  - [33mwarn[39m: openknx.0 (14440) [warn] 2022-03-18 19:30:45.306 connection timed out, retrying...
2022-03-18 20:30:45.311  - [32minfo[39m: openknx.0 (14440) Connected!
2022-03-18 21:19:21.286  - [33mwarn[39m: openknx.0 (14440) [warn] 2022-03-18 20:19:21.286 connection timed out, retrying...
2022-03-18 21:19:21.291  - [32minfo[39m: openknx.0 (14440) Connected!
2022-03-18 21:43:48.907  - [34mdebug[39m: openknx.0 (14440) Plugin sentry destroyed
2022-03-18 21:43:48.913  - [32minfo[39m: openknx.0 (14440) Terminated (START_IMMEDIATELY_AFTER_STOP): Without reason
