2022-03-16 00:22:08.821  - [33mwarn[39m: openknx.0 (14440) [warn] 2022-03-15 23:22:08.821 connection timed out, retrying...
2022-03-16 00:22:08.835  - [32minfo[39m: openknx.0 (14440) Connected!
2022-03-16 01:10:13.098  - [33mwarn[39m: openknx.0 (14440) [warn] 2022-03-16 00:10:13.098 connection timed out, retrying...
2022-03-16 01:10:13.107  - [32minfo[39m: openknx.0 (14440) Connected!
2022-03-16 01:57:56.658  - [33mwarn[39m: openknx.0 (14440) [warn] 2022-03-16 00:57:56.658 connection timed out, retrying...
2022-03-16 01:57:56.664  - [32minfo[39m: openknx.0 (14440) Connected!
2022-03-16 02:45:11.919  - [33mwarn[39m: openknx.0 (14440) [warn] 2022-03-16 01:45:11.919 connection timed out, retrying...
2022-03-16 02:45:11.926  - [32minfo[39m: openknx.0 (14440) Connected!
2022-03-16 03:32:18.196  - [33mwarn[39m: openknx.0 (14440) [warn] 2022-03-16 02:32:18.196 connection timed out, retrying...
2022-03-16 03:32:18.202  - [32minfo[39m: openknx.0 (14440) Connected!
2022-03-16 03:32:20.403  - [33mwarn[39m: openknx.0 (14440) possible data loss due to gateway reset, consider increasing frame delay
2022-03-16 03:32:20.405  - [32minfo[39m: openknx.0 (14440) [info] 2022-03-16 02:32:20.403 empty internal fsm queue due to inbound_DISCONNECT_REQUEST: 
2022-03-16 03:32:20.410  - [32minfo[39m: openknx.0 (14440) Connected!
2022-03-16 04:18:28.781  - [33mwarn[39m: openknx.0 (14440) [warn] 2022-03-16 03:18:28.781 connection timed out, retrying...
2022-03-16 04:18:28.790  - [32minfo[39m: openknx.0 (14440) Connected!
2022-03-16 05:04:55.997  - [33mwarn[39m: openknx.0 (14440) [warn] 2022-03-16 04:04:55.997 connection timed out, retrying...
2022-03-16 05:04:56.003  - [32minfo[39m: openknx.0 (14440) Connected!
2022-03-16 05:50:57.563  - [32minfo[39m: openknx.0 (14440) Connected!
2022-03-16 06:37:15.742  - [33mwarn[39m: openknx.0 (14440) [warn] 2022-03-16 05:37:15.741 connection timed out, retrying...
2022-03-16 06:37:15.749  - [32minfo[39m: openknx.0 (14440) Connected!
2022-03-16 06:37:17.782  - [33mwarn[39m: openknx.0 (14440) possible data loss due to gateway reset, consider increasing frame delay
2022-03-16 06:37:17.783  - [32minfo[39m: openknx.0 (14440) [info] 2022-03-16 05:37:17.782 empty internal fsm queue due to inbound_DISCONNECT_REQUEST: 
2022-03-16 06:37:17.789  - [32minfo[39m: openknx.0 (14440) Connected!
2022-03-16 07:25:37.782  - [33mwarn[39m: openknx.0 (14440) possible data loss due to gateway reset, consider increasing frame delay
2022-03-16 07:25:37.787  - [32minfo[39m: openknx.0 (14440) [info] 2022-03-16 06:25:37.782 empty internal fsm queue due to inbound_DISCONNECT_REQUEST: 
2022-03-16 07:25:37.804  - [32minfo[39m: openknx.0 (14440) Connected!
2022-03-16 08:10:35.130  - [33mwarn[39m: openknx.0 (14440) [warn] 2022-03-16 07:10:35.130 connection timed out, retrying...
2022-03-16 08:10:35.136  - [32minfo[39m: openknx.0 (14440) Connected!
2022-03-16 08:10:40.198  - [33mwarn[39m: openknx.0 (14440) possible data loss due to gateway reset, consider increasing frame delay
2022-03-16 08:10:40.200  - [32minfo[39m: openknx.0 (14440) [info] 2022-03-16 07:10:40.198 empty internal fsm queue due to inbound_DISCONNECT_REQUEST: 
2022-03-16 08:10:40.206  - [32minfo[39m: openknx.0 (14440) Connected!
2022-03-16 08:57:58.861  - [33mwarn[39m: openknx.0 (14440) [warn] 2022-03-16 07:57:58.861 connection timed out, retrying...
2022-03-16 08:57:58.867  - [32minfo[39m: openknx.0 (14440) Connected!
2022-03-16 08:58:09.932  - [33mwarn[39m: openknx.0 (14440) possible data loss due to gateway reset, consider increasing frame delay
2022-03-16 08:58:09.933  - [32minfo[39m: openknx.0 (14440) [info] 2022-03-16 07:58:09.932 empty internal fsm queue due to inbound_DISCONNECT_REQUEST: 
2022-03-16 08:58:09.941  - [32minfo[39m: openknx.0 (14440) Connected!
2022-03-16 09:45:14.118  - [33mwarn[39m: openknx.0 (14440) [warn] 2022-03-16 08:45:14.117 connection timed out, retrying...
2022-03-16 09:45:14.123  - [32minfo[39m: openknx.0 (14440) Connected!
2022-03-16 10:32:20.141  - [33mwarn[39m: openknx.0 (14440) [warn] 2022-03-16 09:32:20.141 connection timed out, retrying...
2022-03-16 10:32:20.147  - [32minfo[39m: openknx.0 (14440) Connected!
2022-03-16 10:32:23.691  - [33mwarn[39m: openknx.0 (14440) possible data loss due to gateway reset, consider increasing frame delay
2022-03-16 10:32:23.692  - [32minfo[39m: openknx.0 (14440) [info] 2022-03-16 09:32:23.691 empty internal fsm queue due to inbound_DISCONNECT_REQUEST: 
2022-03-16 10:32:23.698  - [32minfo[39m: openknx.0 (14440) Connected!
2022-03-16 11:19:31.086  - [33mwarn[39m: openknx.0 (14440) possible data loss due to gateway reset, consider increasing frame delay
2022-03-16 11:19:31.088  - [32minfo[39m: openknx.0 (14440) [info] 2022-03-16 10:19:31.086 empty internal fsm queue due to inbound_DISCONNECT_REQUEST: 
2022-03-16 11:19:31.126  - [33mwarn[39m: openknx.0 (14440) [warn] 2022-03-16 10:19:31.126 connection timed out, retrying...
2022-03-16 11:19:31.131  - [33mwarn[39m: openknx.0 (14440) Connection lost
2022-03-16 11:19:31.134  - [32minfo[39m: openknx.0 (14440) Connected!
2022-03-16 11:19:31.140  - [32minfo[39m: openknx.0 (14440) Connected!
2022-03-16 12:07:16.671  - [33mwarn[39m: openknx.0 (14440) [warn] 2022-03-16 11:07:16.671 connection timed out, retrying...
2022-03-16 12:07:16.677  - [32minfo[39m: openknx.0 (14440) Connected!
2022-03-16 12:07:20.973  - [33mwarn[39m: openknx.0 (14440) possible data loss due to gateway reset, consider increasing frame delay
2022-03-16 12:07:20.975  - [32minfo[39m: openknx.0 (14440) [info] 2022-03-16 11:07:20.973 empty internal fsm queue due to inbound_DISCONNECT_REQUEST: 
2022-03-16 12:07:20.980  - [32minfo[39m: openknx.0 (14440) Connected!
2022-03-16 12:54:41.958  - [33mwarn[39m: openknx.0 (14440) [warn] 2022-03-16 11:54:41.958 connection timed out, retrying...
2022-03-16 12:54:41.984  - [32minfo[39m: openknx.0 (14440) Connected!
2022-03-16 12:54:53.246  - [33mwarn[39m: openknx.0 (14440) possible data loss due to gateway reset, consider increasing frame delay
2022-03-16 12:54:53.247  - [32minfo[39m: openknx.0 (14440) [info] 2022-03-16 11:54:53.246 empty internal fsm queue due to inbound_DISCONNECT_REQUEST: 
2022-03-16 12:54:56.257  - [33mwarn[39m: openknx.0 (14440) [warn] 2022-03-16 11:54:56.257 connection timed out, retrying...
2022-03-16 12:54:56.261  - [32minfo[39m: openknx.0 (14440) Connected!
2022-03-16 13:42:03.592  - [33mwarn[39m: openknx.0 (14440) [warn] 2022-03-16 12:42:03.592 connection timed out, retrying...
2022-03-16 13:42:03.598  - [32minfo[39m: openknx.0 (14440) Connected!
2022-03-16 13:42:10.887  - [33mwarn[39m: openknx.0 (14440) possible data loss due to gateway reset, consider increasing frame delay
2022-03-16 13:42:10.888  - [32minfo[39m: openknx.0 (14440) [info] 2022-03-16 12:42:10.887 empty internal fsm queue due to inbound_DISCONNECT_REQUEST: 
2022-03-16 13:42:10.893  - [32minfo[39m: openknx.0 (14440) Connected!
2022-03-16 14:29:21.624  - [33mwarn[39m: openknx.0 (14440) [warn] 2022-03-16 13:29:21.624 connection timed out, retrying...
2022-03-16 14:29:21.629  - [32minfo[39m: openknx.0 (14440) Connected!
2022-03-16 15:16:25.748  - [33mwarn[39m: openknx.0 (14440) [warn] 2022-03-16 14:16:25.747 connection timed out, retrying...
2022-03-16 15:16:25.754  - [32minfo[39m: openknx.0 (14440) Connected!
2022-03-16 16:03:54.149  - [33mwarn[39m: openknx.0 (14440) [warn] 2022-03-16 15:03:54.149 connection timed out, retrying...
2022-03-16 16:03:54.154  - [32minfo[39m: openknx.0 (14440) Connected!
2022-03-16 16:51:06.142  - [33mwarn[39m: openknx.0 (14440) [warn] 2022-03-16 15:51:06.142 connection timed out, retrying...
2022-03-16 16:51:06.148  - [32minfo[39m: openknx.0 (14440) Connected!
2022-03-16 17:38:24.751  - [33mwarn[39m: openknx.0 (14440) [warn] 2022-03-16 16:38:24.751 connection timed out, retrying...
2022-03-16 17:38:24.762  - [32minfo[39m: openknx.0 (14440) Connected!
2022-03-16 18:25:56.146  - [33mwarn[39m: openknx.0 (14440) [warn] 2022-03-16 17:25:56.146 connection timed out, retrying...
2022-03-16 18:25:56.152  - [32minfo[39m: openknx.0 (14440) Connected!
2022-03-16 19:13:33.173  - [33mwarn[39m: openknx.0 (14440) [warn] 2022-03-16 18:13:33.173 connection timed out, retrying...
2022-03-16 19:13:33.188  - [32minfo[39m: openknx.0 (14440) Connected!
2022-03-16 20:01:17.628  - [33mwarn[39m: openknx.0 (14440) [warn] 2022-03-16 19:01:17.628 connection timed out, retrying...
2022-03-16 20:01:17.634  - [32minfo[39m: openknx.0 (14440) Connected!
2022-03-16 20:48:42.782  - [33mwarn[39m: openknx.0 (14440) [warn] 2022-03-16 19:48:42.782 connection timed out, retrying...
2022-03-16 20:48:42.788  - [32minfo[39m: openknx.0 (14440) Connected!
2022-03-16 21:36:58.970  - [33mwarn[39m: openknx.0 (14440) [warn] 2022-03-16 20:36:58.970 connection timed out, retrying...
2022-03-16 21:36:58.975  - [32minfo[39m: openknx.0 (14440) Connected!
2022-03-16 23:14:28.198  - [33mwarn[39m: openknx.0 (14440) [warn] 2022-03-16 22:14:28.198 connection timed out, retrying...
2022-03-16 23:14:28.209  - [32minfo[39m: openknx.0 (14440) Connected!
